#
# A fatal error has been detected by the Java Runtime Environment:
#
#  SIGSEGV (0xb) at pc=0x00007fff64de50ce, pid=51289, tid=0x000000000002160f
#
# JRE version: Java(TM) SE Runtime Environment (8.0_101-b13) (build 1.8.0_101-b13)
# Java VM: Java HotSpot(TM) 64-Bit Server VM (25.101-b13 mixed mode bsd-amd64 compressed oops)
# Problematic frame:
# C  [libsystem_c.dylib+0x610ce]  tfind+0x24
#
# Failed to write core dump. Core dumps have been disabled. To enable core dumping, try "ulimit -c unlimited" before starting Java again
#
# If you would like to submit a bug report, please visit:
#   http://bugreport.java.com/bugreport/crash.jsp
# The crash happened outside the Java Virtual Machine in native code.
# See problematic frame for where to report the bug.
#

---------------  T H R E A D  ---------------

Current thread (0x00007fcd5617f000):  JavaThread "Thread-1" [_thread_in_native, id=136719, stack(0x000070000d936000,0x000070000da36000)]

siginfo: si_signo: 11 (SIGSEGV), si_code: 0 (unknown), si_addr: 0x0000000000000000

Registers:
RAX=0x800007fcd5564360, RBX=0x00007fcd5563a508, RCX=0x0000000000000000, RDX=0x000000012c070550
RSP=0x000070000da34af0, RBP=0x000070000da34b10, RSI=0x00007fcd5563a508, RDI=0x000070000da34b38
R8 =0x0000000000000000, R9 =0x0000000000000000, R10=0x000070000da34ba0, R11=0x000000012c4098c0
R12=0x000070000da34b38, R13=0x000000012bfe9464, R14=0x0000000000000000, R15=0x000000012c070550
RIP=0x00007fff64de50ce, EFLAGS=0x0000000000010246, ERR=0x0000000000000000
  TRAPNO=0x000000000000000d

Top of Stack: (sp=0x000070000da34af0)
0x000070000da34af0:   000070000da34b38 00007fcd5563a5f0
0x000070000da34b00:   00007fcd5563a510 000000012c40f788
0x000070000da34b10:   000000012c40ee16 000000012c071559
0x000070000da34b20:   0000000000000000 0000000000000000
0x000070000da34b30:   000000012c40ee16 000000012c40f788
0x000070000da34b40:   0000000000000000 0000000000000000
0x000070000da34b50:   92d2bb9a3a2900d3 000070000da34ba0
0x000070000da34b60:   0000000000000000 000000012bfe9464
0x000070000da34b70:   0000000000000002 00007fcd5563a5f0
0x000070000da34b80:   000000012c40ee16 000000012c409bc5
0x000070000da34b90:   000070000da34d20 000000012bfe943d
0x000070000da34ba0:   00007fcd5563a5f0 0000000000000000
0x000070000da34bb0:   0000000000000000 0000000000000000
0x000070000da34bc0:   0000000000000000 0000000000000000
0x000070000da34bd0:   0000000000000000 0000000000000000
0x000070000da34be0:   000070000da34bf0 000000010b088c63
0x000070000da34bf0:   000070000da34c10 000000010ae2fadc
0x000070000da34c00:   00007fcd55841168 00000000791d5d85
0x000070000da34c10:   000070000da34c20 92d2bb9a3a2900d3
0x000070000da34c20:   000070000da34ba0 0000000000000000
0x000070000da34c30:   0000000000000002 92d2bb9a3a2900d3
0x000070000da34c40:   000070000da34c50 000000012bfe9e74
0x000070000da34c50:   000000000000000a 000070000da35770
0x000070000da34c60:   000070000da34d20 000000012bfe943d
0x000070000da34c70:   0000026e5617f000 00007fcd571ae028
0x000070000da34c80:   00007fcd571ae010 000070000da35770
0x000070000da34c90:   000000012c4098c0 000070000da356d8
0x000070000da34ca0:   000070000da34ba0 000070000da34bd0
0x000070000da34cb0:   0000000000000001 0000000000000002
0x000070000da34cc0:   0000000000000002 000070000da35610
0x000070000da34cd0:   000070000da34c50 00007fcd571add00
0x000070000da34ce0:   0000000000000001 00007fcd5617f000 

Instructions: (pc=0x00007fff64de50ce)
0x00007fff64de50ae:   41 57 41 56 41 54 53 48 85 f6 74 44 48 89 f3 48
0x00007fff64de50be:   8b 06 48 85 c0 74 39 49 89 d7 49 89 fc 45 31 f6
0x00007fff64de50ce:   48 8b 30 4c 89 e7 41 ff d7 85 c0 74 28 48 8b 0b
0x00007fff64de50de:   48 8d 51 08 48 8d 59 10 31 f6 85 c0 40 0f 99 c6 

Register to memory mapping:

RAX=0x800007fcd5564360 is an unknown value
RBX=0x00007fcd5563a508 is an unknown value
RCX=0x0000000000000000 is an unknown value
RDX=0x000000012c070550: var_Inherit+0x190 in /Applications/VLC.app/Contents/MacOS/lib/libvlccore.9.dylib at 0x000000012bff2000
RSP=0x000070000da34af0 is pointing into the stack for thread: 0x00007fcd5617f000
RBP=0x000070000da34b10 is pointing into the stack for thread: 0x00007fcd5617f000
RSI=0x00007fcd5563a508 is an unknown value
RDI=0x000070000da34b38 is pointing into the stack for thread: 0x00007fcd5617f000
R8 =0x0000000000000000 is an unknown value
R9 =0x0000000000000000 is an unknown value
R10=0x000070000da34ba0 is pointing into the stack for thread: 0x00007fcd5617f000
R11=0x000000012c4098c0: libvlc_media_player_set_equalizer+0 in /Applications/VLC.app/Contents/MacOS/lib/libvlc.5.dylib at 0x000000012c3fc000
R12=0x000070000da34b38 is pointing into the stack for thread: 0x00007fcd5617f000
R13=0x000000012bfe9464: ffi_call+0x414 in /Users/jimsshom/Library/Caches/JNA/temp/jna111780538790476957.tmp at 0x000000012bfdc000
R14=0x0000000000000000 is an unknown value
R15=0x000000012c070550: var_Inherit+0x190 in /Applications/VLC.app/Contents/MacOS/lib/libvlccore.9.dylib at 0x000000012bff2000


Stack: [0x000070000d936000,0x000070000da36000],  sp=0x000070000da34af0,  free space=1018k
Native frames: (J=compiled Java code, j=interpreted, Vv=VM code, C=native code)
C  [libsystem_c.dylib+0x610ce]  tfind+0x24
C  [libvlccore.9.dylib+0x7f559]  var_SetChecked+0x59

Java frames: (J=compiled Java code, j=interpreted, Vv=VM code)
j  uk.co.caprica.vlcj.binding.LibVlc.libvlc_media_player_set_equalizer(Luk/co/caprica/vlcj/binding/internal/libvlc_media_player_t;Luk/co/caprica/vlcj/binding/internal/libvlc_equalizer_t;)I+0
j  uk.co.caprica.vlcj.player.base.AudioApi.applyEqualizer()V+74
j  uk.co.caprica.vlcj.player.base.AudioApi.setEqualizer(Luk/co/caprica/vlcj/player/base/Equalizer;)V+55
j  uk.co.caprica.vlcj.player.base.AudioApi.release()V+2
j  uk.co.caprica.vlcj.player.base.MediaPlayer.release()V+15
j  uk.co.caprica.vlcj.player.component.CallbackMediaPlayerComponent.release()V+47
j  vlcdemo.MyMediaPlayer$3.run()V+3
v  ~StubRoutines::call_stub

---------------  P R O C E S S  ---------------

Java Threads: ( => current thread )
=>0x00007fcd5617f000 JavaThread "Thread-1" [_thread_in_native, id=136719, stack(0x000070000d936000,0x000070000da36000)]
  0x00007fcd562e3800 JavaThread "AWT-EventQueue-0" [_thread_blocked, id=131075, stack(0x000070000db3f000,0x000070000dc3f000)]
  0x00007fcd559c1800 JavaThread "Attach Listener" daemon [_thread_blocked, id=55559, stack(0x000070000d72d000,0x000070000d82d000)]
  0x00007fcd579b5800 JavaThread "Java2D Disposer" daemon [_thread_blocked, id=74259, stack(0x000070000d62a000,0x000070000d72a000)]
  0x00007fcd56823800 JavaThread "Java2D Queue Flusher" daemon [_thread_blocked, id=52487, stack(0x000070000d527000,0x000070000d627000)]
  0x00007fcd5587c000 JavaThread "AWT-Shutdown" [_thread_blocked, id=35355, stack(0x000070000d112000,0x000070000d212000)]
  0x00007fcd5813c000 JavaThread "AppKit Thread" daemon [_thread_in_native, id=775, stack(0x00007ffee59d7000,0x00007ffee61d7000)]
  0x00007fcd5808a000 JavaThread "Service Thread" daemon [_thread_blocked, id=16387, stack(0x000070000cf0c000,0x000070000d00c000)]
  0x00007fcd56804800 JavaThread "C1 CompilerThread3" daemon [_thread_blocked, id=16899, stack(0x000070000ce09000,0x000070000cf09000)]
  0x00007fcd56804000 JavaThread "C2 CompilerThread2" daemon [_thread_blocked, id=15875, stack(0x000070000cd06000,0x000070000ce06000)]
  0x00007fcd5803f000 JavaThread "C2 CompilerThread1" daemon [_thread_blocked, id=15619, stack(0x000070000cc03000,0x000070000cd03000)]
  0x00007fcd5803e000 JavaThread "C2 CompilerThread0" daemon [_thread_blocked, id=15363, stack(0x000070000cb00000,0x000070000cc00000)]
  0x00007fcd56071800 JavaThread "Monitor Ctrl-Break" daemon [_thread_in_native, id=14851, stack(0x000070000c9fd000,0x000070000cafd000)]
  0x00007fcd5603f000 JavaThread "Signal Dispatcher" daemon [_thread_blocked, id=14339, stack(0x000070000c8fa000,0x000070000c9fa000)]
  0x00007fcd58024800 JavaThread "Finalizer" daemon [_thread_blocked, id=12547, stack(0x000070000c6f1000,0x000070000c7f1000)]
  0x00007fcd56004000 JavaThread "Reference Handler" daemon [_thread_blocked, id=19971, stack(0x000070000c5ee000,0x000070000c6ee000)]
  0x00007fcd57802800 JavaThread "main" [_thread_blocked, id=3075, stack(0x000070000bbd0000,0x000070000bcd0000)]

Other Threads:
  0x00007fcd57806000 VMThread [stack: 0x000070000c4eb000,0x000070000c5eb000] [id=20483]
  0x00007fcd55821800 WatcherThread [stack: 0x000070000d00f000,0x000070000d10f000] [id=21763]

VM state:not at safepoint (normal execution)

VM Mutex/Monitor currently owned by a thread: None

Heap:
 PSYoungGen      total 61440K, used 46475K [0x000000076ab00000, 0x000000076f300000, 0x00000007c0000000)
  eden space 52224K, 88% used [0x000000076ab00000,0x000000076d822c68,0x000000076de00000)
  from space 9216K, 2% used [0x000000076ea00000,0x000000076ea40000,0x000000076f300000)
  to   space 10752K, 0% used [0x000000076de00000,0x000000076de00000,0x000000076e880000)
 ParOldGen       total 175104K, used 8714K [0x00000006c0000000, 0x00000006cab00000, 0x000000076ab00000)
  object space 175104K, 4% used [0x00000006c0000000,0x00000006c0882b20,0x00000006cab00000)
 Metaspace       used 13797K, capacity 14094K, committed 14336K, reserved 1062912K
  class space    used 1676K, capacity 1770K, committed 1792K, reserved 1048576K

Card table byte_map: [0x000000010bf5d000,0x000000010c75e000] byte_map_base: 0x000000010895d000

Marking Bits: (ParMarkBitMap*) 0x000000010b4edd20
 Begin Bits: [0x000000011e489000, 0x0000000122489000)
 End Bits:   [0x0000000122489000, 0x0000000126489000)

Polling page: 0x0000000109a9b000

CodeCache: size=245760Kb used=5748Kb max_used=5755Kb free=240011Kb
 bounds [0x000000010f489000, 0x000000010fa39000, 0x000000011e489000]
 total_blobs=2291 nmethods=1741 adapters=463
 compilation: enabled

Compilation events (10 events):
Event: 15.351 Thread 0x00007fcd56804800 nmethod 1745 0x000000010fa26090 code [0x000000010fa261e0, 0x000000010fa262f0]
Event: 15.359 Thread 0x00007fcd56804000 nmethod 1740 0x000000010fa29c10 code [0x000000010fa29de0, 0x000000010fa2aa78]
Event: 15.383 Thread 0x00007fcd5803e000 1746       4       java.util.concurrent.locks.ReentrantLock::unlock (10 bytes)
Event: 15.384 Thread 0x00007fcd56804800 1747       3       java.util.concurrent.locks.ReentrantReadWriteLock::readLock (5 bytes)
Event: 15.384 Thread 0x00007fcd56804800 nmethod 1747 0x000000010fa29890 code [0x000000010fa29a00, 0x000000010fa29b70]
Event: 15.387 Thread 0x00007fcd5803e000 nmethod 1746 0x000000010fa26610 code [0x000000010fa26760, 0x000000010fa26928]
Event: 15.394 Thread 0x00007fcd5803f000 1748       4       java.lang.ref.SoftReference::get (29 bytes)
Event: 15.395 Thread 0x00007fcd56804800 1749       3       java.lang.Double::doubleToLongBits (33 bytes)
Event: 15.395 Thread 0x00007fcd5803f000 nmethod 1748 0x000000010f9c56d0 code [0x000000010f9c5820, 0x000000010f9c58b8]
Event: 15.395 Thread 0x00007fcd56804800 nmethod 1749 0x000000010fa29490 code [0x000000010fa29600, 0x000000010fa297f0]

GC Heap History (10 events):
Event: 12.401 GC heap before
{Heap before GC invocations=12 (full 0):
 PSYoungGen      total 57856K, used 56843K [0x000000076ab00000, 0x000000076fc00000, 0x00000007c0000000)
  eden space 57344K, 98% used [0x000000076ab00000,0x000000076e24ace8,0x000000076e300000)
  from space 512K, 43% used [0x000000076e400000,0x000000076e438000,0x000000076e480000)
  to   space 12800K, 0% used [0x000000076ef80000,0x000000076ef80000,0x000000076fc00000)
 ParOldGen       total 175104K, used 8562K [0x00000006c0000000, 0x00000006cab00000, 0x000000076ab00000)
  object space 175104K, 4% used [0x00000006c0000000,0x00000006c085cb20,0x00000006cab00000)
 Metaspace       used 13667K, capacity 13966K, committed 14080K, reserved 1060864K
  class space    used 1676K, capacity 1770K, committed 1792K, reserved 1048576K
Event: 12.402 GC heap after
Heap after GC invocations=12 (full 0):
 PSYoungGen      total 67072K, used 256K [0x000000076ab00000, 0x000000076fa00000, 0x00000007c0000000)
  eden space 56320K, 0% used [0x000000076ab00000,0x000000076ab00000,0x000000076e200000)
  from space 10752K, 2% used [0x000000076ef80000,0x000000076efc0000,0x000000076fa00000)
  to   space 12288K, 0% used [0x000000076e200000,0x000000076e200000,0x000000076ee00000)
 ParOldGen       total 175104K, used 8578K [0x00000006c0000000, 0x00000006cab00000, 0x000000076ab00000)
  object space 175104K, 4% used [0x00000006c0000000,0x00000006c0860b20,0x00000006cab00000)
 Metaspace       used 13667K, capacity 13966K, committed 14080K, reserved 1060864K
  class space    used 1676K, capacity 1770K, committed 1792K, reserved 1048576K
}
Event: 12.968 GC heap before
{Heap before GC invocations=13 (full 0):
 PSYoungGen      total 67072K, used 56576K [0x000000076ab00000, 0x000000076fa00000, 0x00000007c0000000)
  eden space 56320K, 100% used [0x000000076ab00000,0x000000076e200000,0x000000076e200000)
  from space 10752K, 2% used [0x000000076ef80000,0x000000076efc0000,0x000000076fa00000)
  to   space 12288K, 0% used [0x000000076e200000,0x000000076e200000,0x000000076ee00000)
 ParOldGen       total 175104K, used 8578K [0x00000006c0000000, 0x00000006cab00000, 0x000000076ab00000)
  object space 175104K, 4% used [0x00000006c0000000,0x00000006c0860b20,0x00000006cab00000)
 Metaspace       used 13689K, capacity 13966K, committed 14080K, reserved 1060864K
  class space    used 1676K, capacity 1770K, committed 1792K, reserved 1048576K
Event: 12.969 GC heap after
Heap after GC invocations=13 (full 0):
 PSYoungGen      total 55808K, used 224K [0x000000076ab00000, 0x000000076f900000, 0x00000007c0000000)
  eden space 55296K, 0% used [0x000000076ab00000,0x000000076ab00000,0x000000076e100000)
  from space 512K, 43% used [0x000000076e200000,0x000000076e238000,0x000000076e280000)
  to   space 12288K, 0% used [0x000000076ed00000,0x000000076ed00000,0x000000076f900000)
 ParOldGen       total 175104K, used 8610K [0x00000006c0000000, 0x00000006cab00000, 0x000000076ab00000)
  object space 175104K, 4% used [0x00000006c0000000,0x00000006c0868b20,0x00000006cab00000)
 Metaspace       used 13689K, capacity 13966K, committed 14080K, reserved 1060864K
  class space    used 1676K, capacity 1770K, committed 1792K, reserved 1048576K
}
Event: 13.967 GC heap before
{Heap before GC invocations=14 (full 0):
 PSYoungGen      total 55808K, used 53433K [0x000000076ab00000, 0x000000076f900000, 0x00000007c0000000)
  eden space 55296K, 96% used [0x000000076ab00000,0x000000076def66a8,0x000000076e100000)
  from space 512K, 43% used [0x000000076e200000,0x000000076e238000,0x000000076e280000)
  to   space 12288K, 0% used [0x000000076ed00000,0x000000076ed00000,0x000000076f900000)
 ParOldGen       total 175104K, used 8610K [0x00000006c0000000, 0x00000006cab00000, 0x000000076ab00000)
  object space 175104K, 4% used [0x00000006c0000000,0x00000006c0868b20,0x00000006cab00000)
 Metaspace       used 13748K, capacity 14030K, committed 14080K, reserved 1060864K
  class space    used 1676K, capacity 1770K, committed 1792K, reserved 1048576K
Event: 13.969 GC heap after
Heap after GC invocations=14 (full 0):
 PSYoungGen      total 64512K, used 256K [0x000000076ab00000, 0x000000076f700000, 0x00000007c0000000)
  eden space 54272K, 0% used [0x000000076ab00000,0x000000076ab00000,0x000000076e000000)
  from space 10240K, 2% used [0x000000076ed00000,0x000000076ed40000,0x000000076f700000)
  to   space 11776K, 0% used [0x000000076e000000,0x000000076e000000,0x000000076eb80000)
 ParOldGen       total 175104K, used 8642K [0x00000006c0000000, 0x00000006cab00000, 0x000000076ab00000)
  object space 175104K, 4% used [0x00000006c0000000,0x00000006c0870b20,0x00000006cab00000)
 Metaspace       used 13748K, capacity 14030K, committed 14080K, reserved 1060864K
  class space    used 1676K, capacity 1770K, committed 1792K, reserved 1048576K
}
Event: 14.501 GC heap before
{Heap before GC invocations=15 (full 0):
 PSYoungGen      total 64512K, used 52831K [0x000000076ab00000, 0x000000076f700000, 0x00000007c0000000)
  eden space 54272K, 96% used [0x000000076ab00000,0x000000076de57dd8,0x000000076e000000)
  from space 10240K, 2% used [0x000000076ed00000,0x000000076ed40000,0x000000076f700000)
  to   space 11776K, 0% used [0x000000076e000000,0x000000076e000000,0x000000076eb80000)
 ParOldGen       total 175104K, used 8642K [0x00000006c0000000, 0x00000006cab00000, 0x000000076ab00000)
  object space 175104K, 4% used [0x00000006c0000000,0x00000006c0870b20,0x00000006cab00000)
 Metaspace       used 13764K, capacity 14030K, committed 14080K, reserved 1060864K
  class space    used 1676K, capacity 1770K, committed 1792K, reserved 1048576K
Event: 14.502 GC heap after
Heap after GC invocations=15 (full 0):
 PSYoungGen      total 53760K, used 224K [0x000000076ab00000, 0x000000076f500000, 0x00000007c0000000)
  eden space 53248K, 0% used [0x000000076ab00000,0x000000076ab00000,0x000000076df00000)
  from space 512K, 43% used [0x000000076e000000,0x000000076e038000,0x000000076e080000)
  to   space 11264K, 0% used [0x000000076ea00000,0x000000076ea00000,0x000000076f500000)
 ParOldGen       total 175104K, used 8690K [0x00000006c0000000, 0x00000006cab00000, 0x000000076ab00000)
  object space 175104K, 4% used [0x00000006c0000000,0x00000006c087cb20,0x00000006cab00000)
 Metaspace       used 13764K, capacity 14030K, committed 14080K, reserved 1060864K
  class space    used 1676K, capacity 1770K, committed 1792K, reserved 1048576K
}
Event: 15.035 GC heap before
{Heap before GC invocations=16 (full 0):
 PSYoungGen      total 53760K, used 52601K [0x000000076ab00000, 0x000000076f500000, 0x00000007c0000000)
  eden space 53248K, 98% used [0x000000076ab00000,0x000000076de266f0,0x000000076df00000)
  from space 512K, 43% used [0x000000076e000000,0x000000076e038000,0x000000076e080000)
  to   space 11264K, 0% used [0x000000076ea00000,0x000000076ea00000,0x000000076f500000)
 ParOldGen       total 175104K, used 8690K [0x00000006c0000000, 0x00000006cab00000, 0x000000076ab00000)
  object space 175104K, 4% used [0x00000006c0000000,0x00000006c087cb20,0x00000006cab00000)
 Metaspace       used 13784K, capacity 14094K, committed 14336K, reserved 1062912K
  class space    used 1676K, capacity 1770K, committed 1792K, reserved 1048576K
Event: 15.037 GC heap after
Heap after GC invocations=16 (full 0):
 PSYoungGen      total 61440K, used 256K [0x000000076ab00000, 0x000000076f300000, 0x00000007c0000000)
  eden space 52224K, 0% used [0x000000076ab00000,0x000000076ab00000,0x000000076de00000)
  from space 9216K, 2% used [0x000000076ea00000,0x000000076ea40000,0x000000076f300000)
  to   space 10752K, 0% used [0x000000076de00000,0x000000076de00000,0x000000076e880000)
 ParOldGen       total 175104K, used 8714K [0x00000006c0000000, 0x00000006cab00000, 0x000000076ab00000)
  object space 175104K, 4% used [0x00000006c0000000,0x00000006c0882b20,0x00000006cab00000)
 Metaspace       used 13784K, capacity 14094K, committed 14336K, reserved 1062912K
  class space    used 1676K, capacity 1770K, committed 1792K, reserved 1048576K
}

Deoptimization events (10 events):
Event: 4.769 Thread 0x00007fcd57802800 Uncommon trap: reason=class_check action=maybe_recompile pc=0x000000010f66ed30 method=java.util.regex.Matcher.match(II)Z @ 86
Event: 5.088 Thread 0x00007fcd55cd8000 Uncommon trap: reason=unstable_if action=reinterpret pc=0x000000010f7f67a4 method=java.lang.ref.SoftReference.get()Ljava/lang/Object; @ 17
Event: 5.088 Thread 0x00007fcd55cd8000 Uncommon trap: reason=unstable_if action=reinterpret pc=0x000000010f7e43dc method=java.lang.ref.SoftReference.get()Ljava/lang/Object; @ 17
Event: 5.091 Thread 0x00007fcd58024800 Uncommon trap: reason=unstable_if action=reinterpret pc=0x000000010f7a183c method=java.lang.ref.ReferenceQueue.poll()Ljava/lang/ref/Reference; @ 4
Event: 5.177 Thread 0x00007fcd56797000 Uncommon trap: reason=null_check action=make_not_entrant pc=0x000000010f82a30c method=com.sun.jna.Native.getNativeSize(Ljava/lang/Class;Ljava/lang/Object;)I @ 64
Event: 5.177 Thread 0x00007fcd56797000 Uncommon trap: reason=unstable_if action=reinterpret pc=0x000000010f823a84 method=java.lang.ref.SoftReference.get()Ljava/lang/Object; @ 17
Event: 5.449 Thread 0x00007fcd56797000 Uncommon trap: reason=null_check action=make_not_entrant pc=0x000000010f84ad10 method=com.sun.jna.Native.getNativeSize(Ljava/lang/Class;)I @ 4
Event: 5.718 Thread 0x00007fcd56004000 Uncommon trap: reason=unstable_if action=reinterpret pc=0x000000010f839f00 method=java.lang.ref.Reference.tryHandlePending(Z)Z @ 9
Event: 15.502 Thread 0x00007fcd562e3800 Uncommon trap: reason=unstable_if action=reinterpret pc=0x000000010fa268b8 method=java.util.concurrent.locks.ReentrantLock$Sync.tryRelease(I)Z @ 28
Event: 15.503 Thread 0x00007fcd562e3800 Uncommon trap: reason=unstable_if action=reinterpret pc=0x000000010fa146a4 method=java.util.concurrent.locks.ReentrantLock$Sync.tryRelease(I)Z @ 28

Internal exceptions (10 events):
Event: 0.162 Thread 0x00007fcd57802800 Exception <a 'java/security/PrivilegedActionException'> (0x000000076ae7d298) thrown at [/HUDSON3/workspace/8-2-build-macosx-x86_64/jdk8u101/7261/hotspot/src/share/vm/prims/jvm.cpp, line 1386]
Event: 0.162 Thread 0x00007fcd57802800 Exception <a 'java/security/PrivilegedActionException'> (0x000000076ae7d4a8) thrown at [/HUDSON3/workspace/8-2-build-macosx-x86_64/jdk8u101/7261/hotspot/src/share/vm/prims/jvm.cpp, line 1386]
Event: 0.162 Thread 0x00007fcd57802800 Exception <a 'java/security/PrivilegedActionException'> (0x000000076ae807b0) thrown at [/HUDSON3/workspace/8-2-build-macosx-x86_64/jdk8u101/7261/hotspot/src/share/vm/prims/jvm.cpp, line 1386]
Event: 0.162 Thread 0x00007fcd57802800 Exception <a 'java/security/PrivilegedActionException'> (0x000000076ae809c0) thrown at [/HUDSON3/workspace/8-2-build-macosx-x86_64/jdk8u101/7261/hotspot/src/share/vm/prims/jvm.cpp, line 1386]
Event: 0.204 Thread 0x00007fcd57802800 Exception <a 'java/lang/NoSuchFieldError': method resolution failed> (0x000000076b0fb6b0) thrown at [/HUDSON3/workspace/8-2-build-macosx-x86_64/jdk8u101/7261/hotspot/src/share/vm/prims/methodHandles.cpp, line 1146]
Event: 0.205 Thread 0x00007fcd57802800 Exception <a 'java/lang/NoSuchFieldError': method resolution failed> (0x000000076b109928) thrown at [/HUDSON3/workspace/8-2-build-macosx-x86_64/jdk8u101/7261/hotspot/src/share/vm/prims/methodHandles.cpp, line 1146]
Event: 0.554 Thread 0x00007fcd57802800 Exception <a 'java/io/FileNotFoundException'> (0x000000076b1aaae0) thrown at [/HUDSON3/workspace/8-2-build-macosx-x86_64/jdk8u101/7261/hotspot/src/share/vm/prims/jni.cpp, line 709]
Event: 0.554 Thread 0x00007fcd57802800 Exception <a 'java/io/FileNotFoundException'> (0x000000076b1ab660) thrown at [/HUDSON3/workspace/8-2-build-macosx-x86_64/jdk8u101/7261/hotspot/src/share/vm/prims/jni.cpp, line 709]
Event: 5.091 Thread 0x00007fcd58024800 Exception <a 'java/lang/NullPointerException'> (0x000000076ac47d88) thrown at [/HUDSON3/workspace/8-2-build-macosx-x86_64/jdk8u101/7261/hotspot/src/share/vm/interpreter/linkResolver.cpp, line 1178]
Event: 5.718 Thread 0x00007fcd56004000 Implicit null exception at 0x000000010f83985f to 0x000000010f839ee9

Events (10 events):
Event: 15.503 Thread 0x00007fcd562e3800 Uncommon trap: trap_request=0xffffff65 fr.pc=0x000000010fa146a4
Event: 15.503 Thread 0x00007fcd562e3800 DEOPT PACKING pc=0x000000010fa146a4 sp=0x000070000dc3bd70
Event: 15.503 Thread 0x00007fcd562e3800 DEOPT UNPACKING pc=0x000000010f48e229 sp=0x000070000dc3bd18 mode 2
Event: 15.503 Thread 0x00007fcd59030000 Thread exited: 0x00007fcd59030000
Event: 15.503 Thread 0x00007fcd57c46000 Thread exited: 0x00007fcd57c46000
Event: 15.546 Thread 0x00007fcd56797000 Thread exited: 0x00007fcd56797000
Event: 15.548 Thread 0x00007fcd55c8b000 Thread added: 0x00007fcd55c8b000
Event: 15.548 Thread 0x00007fcd55c8b000 Thread exited: 0x00007fcd55c8b000
Event: 15.555 Thread 0x00007fcd5617f000 Thread added: 0x00007fcd5617f000
Event: 15.555 Thread 0x00007fcd55c8b000 Thread added: 0x00007fcd55c8b000


Dynamic libraries:
0x0000000001ad0000 	/System/Library/Frameworks/Cocoa.framework/Versions/A/Cocoa
0x0000000001ad0000 	/System/Library/Frameworks/Security.framework/Versions/A/Security
0x0000000001ad0000 	/System/Library/Frameworks/ApplicationServices.framework/Versions/A/ApplicationServices
0x0000000001ad0000 	/usr/lib/libz.1.dylib
0x0000000001ad0000 	/usr/lib/libSystem.B.dylib
0x0000000001ad0000 	/usr/lib/libobjc.A.dylib
0x0000000001ad0000 	/System/Library/Frameworks/CoreFoundation.framework/Versions/A/CoreFoundation
0x0000000001ad0000 	/System/Library/Frameworks/Foundation.framework/Versions/C/Foundation
0x0000000001ad0000 	/System/Library/Frameworks/AppKit.framework/Versions/C/AppKit
0x0000000001ad0000 	/System/Library/Frameworks/CoreData.framework/Versions/A/CoreData
0x0000000001ad0000 	/System/Library/PrivateFrameworks/UIFoundation.framework/Versions/A/UIFoundation
0x0000000001ad0000 	/System/Library/PrivateFrameworks/RemoteViewServices.framework/Versions/A/RemoteViewServices
0x0000000001ad0000 	/System/Library/PrivateFrameworks/XCTTargetBootstrap.framework/Versions/A/XCTTargetBootstrap
0x0000000001ad0000 	/System/Library/Frameworks/CoreDisplay.framework/Versions/A/CoreDisplay
0x0000000001ad0000 	/System/Library/Frameworks/Metal.framework/Versions/A/Metal
0x0000000001ad0000 	/System/Library/PrivateFrameworks/DesktopServicesPriv.framework/Versions/A/DesktopServicesPriv
0x0000000001ad0000 	/usr/lib/liblangid.dylib
0x0000000001ad0000 	/System/Library/PrivateFrameworks/CoreSVG.framework/Versions/A/CoreSVG
0x0000000001ad0000 	/System/Library/PrivateFrameworks/SkyLight.framework/Versions/A/SkyLight
0x0000000001ad0000 	/System/Library/Frameworks/CoreGraphics.framework/Versions/A/CoreGraphics
0x0000000001ad0000 	/System/Library/Frameworks/Accelerate.framework/Versions/A/Accelerate
0x0000000001ad0000 	/usr/lib/libxml2.2.dylib
0x0000000001ad0000 	/System/Library/PrivateFrameworks/IconServices.framework/Versions/A/IconServices
0x0000000001ad0000 	/System/Library/Frameworks/IOSurface.framework/Versions/A/IOSurface
0x0000000001ad0000 	/usr/lib/libDiagnosticMessagesClient.dylib
0x0000000001ad0000 	/System/Library/PrivateFrameworks/DFRFoundation.framework/Versions/A/DFRFoundation
0x0000000001ad0000 	/usr/lib/libicucore.A.dylib
0x0000000001ad0000 	/System/Library/Frameworks/AudioToolbox.framework/Versions/A/AudioToolbox
0x0000000001ad0000 	/System/Library/Frameworks/AudioUnit.framework/Versions/A/AudioUnit
0x0000000001ad0000 	/usr/lib/libauto.dylib
0x0000000001ad0000 	/System/Library/PrivateFrameworks/DataDetectorsCore.framework/Versions/A/DataDetectorsCore
0x0000000001ad0000 	/System/Library/Frameworks/Carbon.framework/Versions/A/Frameworks/HIToolbox.framework/Versions/A/HIToolbox
0x0000000001ad0000 	/System/Library/Frameworks/QuartzCore.framework/Versions/A/QuartzCore
0x0000000001ad0000 	/System/Library/Frameworks/Carbon.framework/Versions/A/Frameworks/SpeechRecognition.framework/Versions/A/SpeechRecognition
0x0000000001ad0000 	/System/Library/PrivateFrameworks/CoreUI.framework/Versions/A/CoreUI
0x0000000001ad0000 	/System/Library/Frameworks/CoreAudio.framework/Versions/A/CoreAudio
0x0000000001ad0000 	/System/Library/Frameworks/DiskArbitration.framework/Versions/A/DiskArbitration
0x0000000001ad0000 	/System/Library/PrivateFrameworks/MultitouchSupport.framework/Versions/A/MultitouchSupport
0x0000000001ad0000 	/usr/lib/libenergytrace.dylib
0x0000000001ad0000 	/System/Library/Frameworks/IOKit.framework/Versions/A/IOKit
0x0000000001ad0000 	/System/Library/Frameworks/CoreServices.framework/Versions/A/CoreServices
0x0000000001ad0000 	/System/Library/PrivateFrameworks/PerformanceAnalysis.framework/Versions/A/PerformanceAnalysis
0x0000000001ad0000 	/System/Library/Frameworks/OpenGL.framework/Versions/A/OpenGL
0x0000000001ad0000 	/System/Library/Frameworks/ColorSync.framework/Versions/A/ColorSync
0x0000000001ad0000 	/System/Library/Frameworks/CoreImage.framework/Versions/A/CoreImage
0x0000000001ad0000 	/System/Library/Frameworks/CoreText.framework/Versions/A/CoreText
0x0000000001ad0000 	/System/Library/Frameworks/ImageIO.framework/Versions/A/ImageIO
0x0000000001ad0000 	/usr/lib/libc++.1.dylib
0x0000000001ad0000 	/usr/lib/libcompression.dylib
0x0000000001ad0000 	/usr/lib/libMobileGestalt.dylib
0x0000000001ad0000 	/System/Library/PrivateFrameworks/TextureIO.framework/Versions/A/TextureIO
0x0000000001ad0000 	/usr/lib/libate.dylib
0x0000000001ad0000 	/System/Library/PrivateFrameworks/InternationalSupport.framework/Versions/A/InternationalSupport
0x0000000001ad0000 	/usr/lib/system/libcache.dylib
0x0000000001ad0000 	/usr/lib/system/libcommonCrypto.dylib
0x0000000001ad0000 	/usr/lib/system/libcompiler_rt.dylib
0x0000000001ad0000 	/usr/lib/system/libcopyfile.dylib
0x0000000001ad0000 	/usr/lib/system/libcorecrypto.dylib
0x0000000001ad0000 	/usr/lib/system/libdispatch.dylib
0x0000000001ad0000 	/usr/lib/system/libdyld.dylib
0x0000000001ad0000 	/usr/lib/system/libkeymgr.dylib
0x0000000001ad0000 	/usr/lib/system/liblaunch.dylib
0x0000000001ad0000 	/usr/lib/system/libmacho.dylib
0x0000000001ad0000 	/usr/lib/system/libquarantine.dylib
0x0000000001ad0000 	/usr/lib/system/libremovefile.dylib
0x0000000001ad0000 	/usr/lib/system/libsystem_asl.dylib
0x0000000001ad0000 	/usr/lib/system/libsystem_blocks.dylib
0x0000000001ad0000 	/usr/lib/system/libsystem_c.dylib
0x0000000001ad0000 	/usr/lib/system/libsystem_configuration.dylib
0x0000000001ad0000 	/usr/lib/system/libsystem_coreservices.dylib
0x0000000001ad0000 	/usr/lib/system/libsystem_darwin.dylib
0x0000000001ad0000 	/usr/lib/system/libsystem_dnssd.dylib
0x0000000001ad0000 	/usr/lib/system/libsystem_featureflags.dylib
0x0000000001ad0000 	/usr/lib/system/libsystem_info.dylib
0x0000000001ad0000 	/usr/lib/system/libsystem_m.dylib
0x0000000001ad0000 	/usr/lib/system/libsystem_malloc.dylib
0x0000000001ad0000 	/usr/lib/system/libsystem_networkextension.dylib
0x0000000001ad0000 	/usr/lib/system/libsystem_notify.dylib
0x0000000001ad0000 	/usr/lib/system/libsystem_sandbox.dylib
0x0000000001ad0000 	/usr/lib/system/libsystem_secinit.dylib
0x0000000001ad0000 	/usr/lib/system/libsystem_kernel.dylib
0x0000000001ad0000 	/usr/lib/system/libsystem_platform.dylib
0x0000000001ad0000 	/usr/lib/system/libsystem_pthread.dylib
0x0000000001ad0000 	/usr/lib/system/libsystem_symptoms.dylib
0x0000000001ad0000 	/usr/lib/system/libsystem_trace.dylib
0x0000000001ad0000 	/usr/lib/system/libunwind.dylib
0x0000000001ad0000 	/usr/lib/system/libxpc.dylib
0x0000000001ad0000 	/usr/lib/libc++abi.dylib
0x0000000001ad0000 	/usr/lib/liblzma.5.dylib
0x0000000001ad0000 	/usr/lib/libfakelink.dylib
0x0000000001ad0000 	/usr/lib/libarchive.2.dylib
0x0000000001ad0000 	/System/Library/Frameworks/SystemConfiguration.framework/Versions/A/SystemConfiguration
0x0000000001ad0000 	/usr/lib/libCRFSuite.dylib
0x0000000001ad0000 	/System/Library/Frameworks/CFNetwork.framework/Versions/A/CFNetwork
0x0000000001ad0000 	/usr/lib/libbsm.0.dylib
0x0000000001ad0000 	/usr/lib/system/libkxld.dylib
0x0000000001ad0000 	/System/Library/PrivateFrameworks/AppleFSCompression.framework/Versions/A/AppleFSCompression
0x0000000001ad0000 	/usr/lib/libcoretls.dylib
0x0000000001ad0000 	/usr/lib/libcoretls_cfhelpers.dylib
0x0000000001ad0000 	/usr/lib/libpam.2.dylib
0x0000000001ad0000 	/usr/lib/libsqlite3.dylib
0x0000000001ad0000 	/usr/lib/libxar.1.dylib
0x0000000001ad0000 	/usr/lib/libbz2.1.0.dylib
0x0000000001ad0000 	/usr/lib/libiconv.2.dylib
0x0000000001ad0000 	/usr/lib/libcharset.1.dylib
0x0000000001ad0000 	/usr/lib/libnetwork.dylib
0x0000000001ad0000 	/usr/lib/libpcap.A.dylib
0x0000000001ad0000 	/usr/lib/libapple_nghttp2.dylib
0x0000000001ad0000 	/System/Library/Frameworks/CoreServices.framework/Versions/A/Frameworks/FSEvents.framework/Versions/A/FSEvents
0x0000000001ad0000 	/System/Library/Frameworks/CoreServices.framework/Versions/A/Frameworks/CarbonCore.framework/Versions/A/CarbonCore
0x0000000001ad0000 	/System/Library/Frameworks/CoreServices.framework/Versions/A/Frameworks/Metadata.framework/Versions/A/Metadata
0x0000000001ad0000 	/System/Library/Frameworks/CoreServices.framework/Versions/A/Frameworks/OSServices.framework/Versions/A/OSServices
0x0000000001ad0000 	/System/Library/Frameworks/CoreServices.framework/Versions/A/Frameworks/SearchKit.framework/Versions/A/SearchKit
0x0000000001ad0000 	/System/Library/Frameworks/CoreServices.framework/Versions/A/Frameworks/AE.framework/Versions/A/AE
0x0000000001ad0000 	/System/Library/Frameworks/CoreServices.framework/Versions/A/Frameworks/LaunchServices.framework/Versions/A/LaunchServices
0x0000000001ad0000 	/System/Library/Frameworks/CoreServices.framework/Versions/A/Frameworks/DictionaryServices.framework/Versions/A/DictionaryServices
0x0000000001ad0000 	/System/Library/Frameworks/CoreServices.framework/Versions/A/Frameworks/SharedFileList.framework/Versions/A/SharedFileList
0x0000000001ad0000 	/System/Library/Frameworks/NetFS.framework/Versions/A/NetFS
0x0000000001ad0000 	/System/Library/PrivateFrameworks/NetAuth.framework/Versions/A/NetAuth
0x0000000001ad0000 	/System/Library/PrivateFrameworks/login.framework/Versions/A/Frameworks/loginsupport.framework/Versions/A/loginsupport
0x0000000001ad0000 	/System/Library/PrivateFrameworks/TCC.framework/Versions/A/TCC
0x0000000001ad0000 	/System/Library/PrivateFrameworks/CoreNLP.framework/Versions/A/CoreNLP
0x0000000001ad0000 	/System/Library/PrivateFrameworks/MetadataUtilities.framework/Versions/A/MetadataUtilities
0x0000000001ad0000 	/usr/lib/libmecabra.dylib
0x0000000001ad0000 	/usr/lib/libmecab.dylib
0x0000000001ad0000 	/usr/lib/libgermantok.dylib
0x0000000001ad0000 	/usr/lib/libThaiTokenizer.dylib
0x0000000001ad0000 	/usr/lib/libChineseTokenizer.dylib
0x0000000001ad0000 	/System/Library/Frameworks/Accelerate.framework/Versions/A/Frameworks/vImage.framework/Versions/A/vImage
0x0000000001ad0000 	/System/Library/Frameworks/Accelerate.framework/Versions/A/Frameworks/vecLib.framework/Versions/A/vecLib
0x0000000001ad0000 	/System/Library/Frameworks/Accelerate.framework/Versions/A/Frameworks/vecLib.framework/Versions/A/libvMisc.dylib
0x0000000001ad0000 	/System/Library/Frameworks/Accelerate.framework/Versions/A/Frameworks/vecLib.framework/Versions/A/libvDSP.dylib
0x0000000001ad0000 	/System/Library/Frameworks/Accelerate.framework/Versions/A/Frameworks/vecLib.framework/Versions/A/libBLAS.dylib
0x0000000001ad0000 	/System/Library/Frameworks/Accelerate.framework/Versions/A/Frameworks/vecLib.framework/Versions/A/libLAPACK.dylib
0x0000000001ad0000 	/System/Library/Frameworks/Accelerate.framework/Versions/A/Frameworks/vecLib.framework/Versions/A/libLinearAlgebra.dylib
0x0000000001ad0000 	/System/Library/Frameworks/Accelerate.framework/Versions/A/Frameworks/vecLib.framework/Versions/A/libSparseBLAS.dylib
0x0000000001ad0000 	/System/Library/Frameworks/Accelerate.framework/Versions/A/Frameworks/vecLib.framework/Versions/A/libQuadrature.dylib
0x0000000001ad0000 	/System/Library/Frameworks/Accelerate.framework/Versions/A/Frameworks/vecLib.framework/Versions/A/libBNNS.dylib
0x0000000001ad0000 	/System/Library/Frameworks/Accelerate.framework/Versions/A/Frameworks/vecLib.framework/Versions/A/libSparse.dylib
0x0000000001ad0000 	/System/Library/PrivateFrameworks/LanguageModeling.framework/Versions/A/LanguageModeling
0x0000000001ad0000 	/System/Library/PrivateFrameworks/CoreEmoji.framework/Versions/A/CoreEmoji
0x0000000001ad0000 	/System/Library/PrivateFrameworks/LinguisticData.framework/Versions/A/LinguisticData
0x0000000001ad0000 	/System/Library/PrivateFrameworks/Lexicon.framework/Versions/A/Lexicon
0x0000000001ad0000 	/usr/lib/libcmph.dylib
0x0000000001ad0000 	/System/Library/Frameworks/OpenDirectory.framework/Versions/A/Frameworks/CFOpenDirectory.framework/Versions/A/CFOpenDirectory
0x0000000001ad0000 	/System/Library/Frameworks/OpenDirectory.framework/Versions/A/OpenDirectory
0x0000000001ad0000 	/System/Library/PrivateFrameworks/APFS.framework/Versions/A/APFS
0x0000000001ad0000 	/System/Library/Frameworks/SecurityFoundation.framework/Versions/A/SecurityFoundation
0x0000000001ad0000 	/usr/lib/libutil.dylib
0x0000000001ad0000 	/System/Library/PrivateFrameworks/CoreServicesStore.framework/Versions/A/CoreServicesStore
0x0000000001ad0000 	/System/Library/Frameworks/ServiceManagement.framework/Versions/A/ServiceManagement
0x0000000001ad0000 	/System/Library/PrivateFrameworks/BackgroundTaskManagement.framework/Versions/A/BackgroundTaskManagement
0x0000000001ad0000 	/usr/lib/libxslt.1.dylib
0x0000000001ad0000 	/System/Library/PrivateFrameworks/AppleSystemInfo.framework/Versions/A/AppleSystemInfo
0x0000000001ad0000 	/System/Library/Frameworks/ImageIO.framework/Versions/A/Resources/libJPEG.dylib
0x0000000001ad0000 	/System/Library/Frameworks/ImageIO.framework/Versions/A/Resources/libTIFF.dylib
0x0000000001ad0000 	/System/Library/Frameworks/ImageIO.framework/Versions/A/Resources/libPng.dylib
0x0000000001ad0000 	/System/Library/Frameworks/ImageIO.framework/Versions/A/Resources/libGIF.dylib
0x0000000001ad0000 	/System/Library/Frameworks/ImageIO.framework/Versions/A/Resources/libJP2.dylib
0x0000000001ad0000 	/System/Library/Frameworks/ImageIO.framework/Versions/A/Resources/libRadiance.dylib
0x0000000001ad0000 	/usr/lib/libexpat.1.dylib
0x0000000001ad0000 	/System/Library/PrivateFrameworks/AppleJPEG.framework/Versions/A/AppleJPEG
0x0000000001ad0000 	/System/Library/PrivateFrameworks/FontServices.framework/libFontParser.dylib
0x0000000001ad0000 	/System/Library/PrivateFrameworks/WatchdogClient.framework/Versions/A/WatchdogClient
0x0000000001ad0000 	/System/Library/PrivateFrameworks/IOAccelerator.framework/Versions/A/IOAccelerator
0x0000000001ad0000 	/System/Library/Frameworks/MetalPerformanceShaders.framework/Versions/A/MetalPerformanceShaders
0x0000000001ad0000 	/System/Library/PrivateFrameworks/GPUWrangler.framework/Versions/A/GPUWrangler
0x0000000001ad0000 	/System/Library/PrivateFrameworks/IOPresentment.framework/Versions/A/IOPresentment
0x0000000001ad0000 	/System/Library/PrivateFrameworks/DSExternalDisplay.framework/Versions/A/DSExternalDisplay
0x0000000001ad0000 	/System/Library/Frameworks/OpenGL.framework/Versions/A/Libraries/libCoreFSCache.dylib
0x0000000001ad0000 	/System/Library/Frameworks/MetalPerformanceShaders.framework/Frameworks/MPSCore.framework/Versions/A/MPSCore
0x0000000001ad0000 	/System/Library/Frameworks/MetalPerformanceShaders.framework/Frameworks/MPSImage.framework/Versions/A/MPSImage
0x0000000001ad0000 	/System/Library/Frameworks/MetalPerformanceShaders.framework/Frameworks/MPSNeuralNetwork.framework/Versions/A/MPSNeuralNetwork
0x0000000001ad0000 	/System/Library/Frameworks/MetalPerformanceShaders.framework/Frameworks/MPSMatrix.framework/Versions/A/MPSMatrix
0x0000000001ad0000 	/System/Library/Frameworks/MetalPerformanceShaders.framework/Frameworks/MPSRayIntersector.framework/Versions/A/MPSRayIntersector
0x0000000001ad0000 	/System/Library/Frameworks/MetalPerformanceShaders.framework/Frameworks/MPSNDArray.framework/Versions/A/MPSNDArray
0x0000000001ad0000 	/System/Library/PrivateFrameworks/MetalTools.framework/Versions/A/MetalTools
0x0000000001ad0000 	/System/Library/PrivateFrameworks/AggregateDictionary.framework/Versions/A/AggregateDictionary
0x0000000001ad0000 	/System/Library/PrivateFrameworks/CoreAnalytics.framework/Versions/A/CoreAnalytics
0x0000000001ad0000 	/System/Library/PrivateFrameworks/AppleSauce.framework/Versions/A/AppleSauce
0x0000000001ad0000 	/usr/lib/libIOReport.dylib
0x0000000001ad0000 	/System/Library/Frameworks/CoreVideo.framework/Versions/A/CoreVideo
0x0000000001ad0000 	/System/Library/PrivateFrameworks/GraphVisualizer.framework/Versions/A/GraphVisualizer
0x0000000001ad0000 	/System/Library/PrivateFrameworks/FaceCore.framework/Versions/A/FaceCore
0x0000000001ad0000 	/System/Library/Frameworks/OpenCL.framework/Versions/A/OpenCL
0x0000000001ad0000 	/usr/lib/libFosl_dynamic.dylib
0x0000000001ad0000 	/System/Library/PrivateFrameworks/OTSVG.framework/Versions/A/OTSVG
0x0000000001ad0000 	/System/Library/Frameworks/ApplicationServices.framework/Versions/A/Frameworks/ATS.framework/Versions/A/Resources/libFontRegistry.dylib
0x0000000001ad0000 	/System/Library/PrivateFrameworks/FontServices.framework/libhvf.dylib
0x0000000001ad0000 	/System/Library/Frameworks/OpenGL.framework/Versions/A/Libraries/libGFXShared.dylib
0x0000000001ad0000 	/System/Library/Frameworks/OpenGL.framework/Versions/A/Libraries/libGLU.dylib
0x0000000001ad0000 	/System/Library/Frameworks/OpenGL.framework/Versions/A/Libraries/libGL.dylib
0x0000000001ad0000 	/System/Library/Frameworks/OpenGL.framework/Versions/A/Libraries/libGLImage.dylib
0x0000000001ad0000 	/System/Library/Frameworks/OpenGL.framework/Versions/A/Libraries/libCVMSPluginSupport.dylib
0x0000000001ad0000 	/System/Library/Frameworks/OpenGL.framework/Versions/A/Libraries/libCoreVMClient.dylib
0x0000000001ad0000 	/usr/lib/libncurses.5.4.dylib
0x0000000001ad0000 	/System/Library/Frameworks/ApplicationServices.framework/Versions/A/Frameworks/ATS.framework/Versions/A/ATS
0x0000000001ad0000 	/System/Library/Frameworks/ApplicationServices.framework/Versions/A/Frameworks/ColorSyncLegacy.framework/Versions/A/ColorSyncLegacy
0x0000000001ad0000 	/System/Library/Frameworks/ApplicationServices.framework/Versions/A/Frameworks/HIServices.framework/Versions/A/HIServices
0x0000000001ad0000 	/System/Library/Frameworks/ApplicationServices.framework/Versions/A/Frameworks/LangAnalysis.framework/Versions/A/LangAnalysis
0x0000000001ad0000 	/System/Library/Frameworks/ApplicationServices.framework/Versions/A/Frameworks/PrintCore.framework/Versions/A/PrintCore
0x0000000001ad0000 	/System/Library/Frameworks/ApplicationServices.framework/Versions/A/Frameworks/QD.framework/Versions/A/QD
0x0000000001ad0000 	/System/Library/Frameworks/ApplicationServices.framework/Versions/A/Frameworks/SpeechSynthesis.framework/Versions/A/SpeechSynthesis
0x0000000001ad0000 	/System/Library/Frameworks/ApplicationServices.framework/Versions/A/Frameworks/ATSUI.framework/Versions/A/ATSUI
0x0000000001ad0000 	/usr/lib/libcups.2.dylib
0x0000000001ad0000 	/System/Library/Frameworks/Kerberos.framework/Versions/A/Kerberos
0x0000000001ad0000 	/System/Library/Frameworks/GSS.framework/Versions/A/GSS
0x0000000001ad0000 	/usr/lib/libresolv.9.dylib
0x0000000001ad0000 	/System/Library/PrivateFrameworks/Heimdal.framework/Versions/A/Heimdal
0x0000000001ad0000 	/System/Library/Frameworks/Kerberos.framework/Versions/A/Libraries/libHeimdalProxy.dylib
0x0000000001ad0000 	/usr/lib/libheimdal-asn1.dylib
0x0000000001ad0000 	/System/Library/PrivateFrameworks/CommonAuth.framework/Versions/A/CommonAuth
0x0000000001ad0000 	/System/Library/PrivateFrameworks/AssertionServices.framework/Versions/A/AssertionServices
0x0000000001ad0000 	/System/Library/PrivateFrameworks/AudioToolboxCore.framework/Versions/A/AudioToolboxCore
0x0000000001ad0000 	/System/Library/PrivateFrameworks/caulk.framework/Versions/A/caulk
0x0000000001ad0000 	/System/Library/PrivateFrameworks/BaseBoard.framework/Versions/A/BaseBoard
0x0000000001ad0000 	/System/Library/PrivateFrameworks/RunningBoardServices.framework/Versions/A/RunningBoardServices
0x0000000001ad0000 	/System/Library/PrivateFrameworks/PersistentConnection.framework/Versions/A/PersistentConnection
0x0000000001ad0000 	/System/Library/PrivateFrameworks/ProtocolBuffer.framework/Versions/A/ProtocolBuffer
0x0000000001ad0000 	/System/Library/PrivateFrameworks/CommonUtilities.framework/Versions/A/CommonUtilities
0x0000000001ad0000 	/System/Library/PrivateFrameworks/Bom.framework/Versions/A/Bom
0x0000000001ad0000 	/usr/lib/libAudioToolboxUtility.dylib
0x0000000001ad0000 	/System/Library/PrivateFrameworks/Backup.framework/Versions/A/Backup
0x0000000001ad0000 	/System/Library/PrivateFrameworks/CrashReporterSupport.framework/Versions/A/CrashReporterSupport
0x0000000001ad0000 	/System/Library/PrivateFrameworks/Sharing.framework/Versions/A/Sharing
0x0000000001ad0000 	/System/Library/PrivateFrameworks/Apple80211.framework/Versions/A/Apple80211
0x0000000001ad0000 	/System/Library/PrivateFrameworks/AuthKit.framework/Versions/A/AuthKit
0x0000000001ad0000 	/System/Library/PrivateFrameworks/CoreUtils.framework/Versions/A/CoreUtils
0x0000000001ad0000 	/System/Library/Frameworks/CoreWLAN.framework/Versions/A/CoreWLAN
0x0000000001ad0000 	/System/Library/Frameworks/IOBluetooth.framework/Versions/A/IOBluetooth
0x0000000001ad0000 	/System/Library/PrivateFrameworks/MobileKeyBag.framework/Versions/A/MobileKeyBag
0x0000000001ad0000 	/System/Library/PrivateFrameworks/CorePhoneNumbers.framework/Versions/A/CorePhoneNumbers
0x0000000001ad0000 	/System/Library/PrivateFrameworks/AppleIDAuthSupport.framework/Versions/A/AppleIDAuthSupport
0x0000000001ad0000 	/System/Library/Frameworks/Network.framework/Versions/A/Network
0x0000000001ad0000 	/System/Library/PrivateFrameworks/KeychainCircle.framework/Versions/A/KeychainCircle
0x0000000001ad0000 	/System/Library/Frameworks/CoreBluetooth.framework/Versions/A/CoreBluetooth
0x0000000001ad0000 	/System/Library/PrivateFrameworks/SpeechRecognitionCore.framework/Versions/A/SpeechRecognitionCore
0x000000010ac00000 	/Library/Java/JavaVirtualMachines/jdk1.8.0_101.jdk/Contents/Home/jre/lib/server/libjvm.dylib
0x0000000001ad0000 	/usr/lib/libstdc++.6.dylib
0x0000000109a58000 	/Library/Java/JavaVirtualMachines/jdk1.8.0_101.jdk/Contents/Home/jre/lib/libverify.dylib
0x0000000109a66000 	/Library/Java/JavaVirtualMachines/jdk1.8.0_101.jdk/Contents/Home/jre/lib/libjava.dylib
0x0000000109a9c000 	/Library/Java/JavaVirtualMachines/jdk1.8.0_101.jdk/Contents/Home/jre/lib/libinstrument.dylib
0x0000000109b3a000 	/Library/Java/JavaVirtualMachines/jdk1.8.0_101.jdk/Contents/Home/jre/lib/libzip.dylib
0x0000000001ad0000 	/System/Library/Frameworks/JavaVM.framework/Versions/A/Frameworks/JavaRuntimeSupport.framework/Versions/A/JavaRuntimeSupport
0x0000000001ad0000 	/System/Library/Frameworks/JavaVM.framework/Versions/A/Frameworks/JavaNativeFoundation.framework/Versions/A/JavaNativeFoundation
0x0000000001ad0000 	/System/Library/Frameworks/JavaVM.framework/Versions/A/JavaVM
0x0000000001ad0000 	/System/Library/Frameworks/Carbon.framework/Versions/A/Carbon
0x0000000001ad0000 	/System/Library/PrivateFrameworks/CoreSymbolication.framework/Versions/A/CoreSymbolication
0x0000000001ad0000 	/System/Library/PrivateFrameworks/JavaLaunching.framework/Versions/A/JavaLaunching
0x0000000001ad0000 	/System/Library/Frameworks/Carbon.framework/Versions/A/Frameworks/CommonPanels.framework/Versions/A/CommonPanels
0x0000000001ad0000 	/System/Library/Frameworks/Carbon.framework/Versions/A/Frameworks/Help.framework/Versions/A/Help
0x0000000001ad0000 	/System/Library/Frameworks/Carbon.framework/Versions/A/Frameworks/ImageCapture.framework/Versions/A/ImageCapture
0x0000000001ad0000 	/System/Library/Frameworks/Carbon.framework/Versions/A/Frameworks/OpenScripting.framework/Versions/A/OpenScripting
0x0000000001ad0000 	/System/Library/Frameworks/Carbon.framework/Versions/A/Frameworks/Ink.framework/Versions/A/Ink
0x0000000001ad0000 	/System/Library/Frameworks/Carbon.framework/Versions/A/Frameworks/Print.framework/Versions/A/Print
0x0000000001ad0000 	/System/Library/Frameworks/Carbon.framework/Versions/A/Frameworks/SecurityHI.framework/Versions/A/SecurityHI
0x0000000001ad0000 	/System/Library/PrivateFrameworks/DebugSymbols.framework/Versions/A/DebugSymbols
0x0000000128970000 	/Library/Java/JavaVirtualMachines/jdk1.8.0_101.jdk/Contents/Home/jre/lib/libnet.dylib
0x00000001289f0000 	/Library/Java/JavaVirtualMachines/jdk1.8.0_101.jdk/Contents/Home/jre/lib/libawt.dylib
0x0000000128a98000 	/Library/Java/JavaVirtualMachines/jdk1.8.0_101.jdk/Contents/Home/jre/lib/libmlib_image.dylib
0x0000000128b64000 	/Library/Java/JavaVirtualMachines/jdk1.8.0_101.jdk/Contents/Home/jre/lib/libawt_lwawt.dylib
0x0000000128c19000 	/Library/Java/JavaVirtualMachines/jdk1.8.0_101.jdk/Contents/Home/jre/lib/libosxapp.dylib
0x0000000001ad0000 	/System/Library/Frameworks/ExceptionHandling.framework/Versions/A/ExceptionHandling
0x0000000001ad0000 	/System/Library/PrivateFrameworks/CoreServicesInternal.framework/Versions/A/CoreServicesInternal
0x0000000001ad0000 	/System/Library/Frameworks/FileProvider.framework/Versions/A/FileProvider
0x0000000001ad0000 	/System/Library/Frameworks/Accounts.framework/Versions/A/Accounts
0x0000000001ad0000 	/System/Library/PrivateFrameworks/GenerationalStorage.framework/Versions/A/GenerationalStorage
0x0000000001ad0000 	/System/Library/PrivateFrameworks/SymptomDiagnosticReporter.framework/Versions/A/SymptomDiagnosticReporter
0x0000000001ad0000 	/System/Library/PrivateFrameworks/AppContainer.framework/Versions/A/AppContainer
0x0000000001ad0000 	/usr/lib/libsandbox.1.dylib
0x0000000001ad0000 	/System/Library/PrivateFrameworks/UserManagement.framework/Versions/A/UserManagement
0x0000000001ad0000 	/System/Library/PrivateFrameworks/ChunkingLibrary.framework/Versions/A/ChunkingLibrary
0x0000000001ad0000 	/System/Library/PrivateFrameworks/AppSandbox.framework/Versions/A/AppSandbox
0x0000000001ad0000 	/System/Library/PrivateFrameworks/SecCodeWrapper.framework/Versions/A/SecCodeWrapper
0x0000000001ad0000 	/usr/lib/libMatch.1.dylib
0x0000000001ad0000 	/System/Library/CoreServices/RawCamera.bundle/Contents/MacOS/RawCamera
0x0000000001ad0000 	/System/Library/PrivateFrameworks/MobileAsset.framework/Versions/A/MobileAsset
0x0000000001ad0000 	/System/Library/PrivateFrameworks/StreamingZip.framework/Versions/A/StreamingZip
0x0000000001ad0000 	/System/Library/Frameworks/MediaToolbox.framework/Versions/A/MediaToolbox
0x0000000001ad0000 	/System/Library/PrivateFrameworks/CoreAVCHD.framework/Versions/A/CoreAVCHD
0x0000000001ad0000 	/System/Library/Frameworks/MediaAccessibility.framework/Versions/A/MediaAccessibility
0x0000000001ad0000 	/System/Library/PrivateFrameworks/Mangrove.framework/Versions/A/Mangrove
0x0000000001ad0000 	/System/Library/Frameworks/CoreMedia.framework/Versions/A/CoreMedia
0x0000000001ad0000 	/System/Library/PrivateFrameworks/MediaExperience.framework/Versions/A/MediaExperience
0x0000000001ad0000 	/System/Library/Frameworks/VideoToolbox.framework/Versions/A/VideoToolbox
0x0000000001ad0000 	/System/Library/PrivateFrameworks/CoreAUC.framework/Versions/A/CoreAUC
0x0000000001ad0000 	/usr/lib/libspindump.dylib
0x0000000001ad0000 	/System/Library/PrivateFrameworks/AudioResourceArbitration.framework/Versions/A/AudioResourceArbitration
0x0000000001ad0000 	/System/Library/PrivateFrameworks/AppleVA.framework/Versions/A/AppleVA
0x0000000001ad0000 	/System/Library/Frameworks/Accelerate.framework/Versions/A/Frameworks/vImage.framework/Versions/A/Libraries/libCGInterfaces.dylib
0x000000012937a000 	/usr/lib/libobjc-trampolines.dylib
0x0000000001ad0000 	/System/Library/PrivateFrameworks/FontServices.framework/libTrueTypeScaler.dylib
0x0000000001ad0000 	/System/Library/Extensions/AppleIntelSKLGraphicsMTLDriver.bundle/Contents/MacOS/AppleIntelSKLGraphicsMTLDriver
0x0000000001ad0000 	/System/Library/Extensions/AMDMTLBronzeDriver.bundle/Contents/MacOS/AMDMTLBronzeDriver
0x0000000001ad0000 	/System/Library/PrivateFrameworks/IOAccelMemoryInfo.framework/Versions/A/IOAccelMemoryInfo
0x0000000001ad0000 	/System/Library/PrivateFrameworks/GPUCompiler.framework/Versions/3902/Libraries/libmetal_timestamp.dylib
0x0000000001ad0000 	/System/Library/PrivateFrameworks/FamilyControls.framework/Versions/A/FamilyControls
0x0000000001ad0000 	/System/Library/PrivateFrameworks/CommerceKit.framework/Versions/A/Frameworks/CommerceCore.framework/Versions/A/CommerceCore
0x0000000001ad0000 	/System/Library/PrivateFrameworks/SystemAdministration.framework/Versions/A/SystemAdministration
0x0000000001ad0000 	/System/Library/PrivateFrameworks/DiskManagement.framework/Versions/A/DiskManagement
0x0000000001ad0000 	/System/Library/Frameworks/DirectoryService.framework/Versions/A/DirectoryService
0x0000000001ad0000 	/System/Library/PrivateFrameworks/DiskImages.framework/Versions/A/DiskImages
0x0000000001ad0000 	/System/Library/PrivateFrameworks/LoginUIKit.framework/Versions/A/Frameworks/LoginUICore.framework/Versions/A/LoginUICore
0x0000000001ad0000 	/usr/lib/libCoreStorage.dylib
0x0000000001ad0000 	/usr/lib/libcsfde.dylib
0x0000000001ad0000 	/usr/lib/libodfde.dylib
0x0000000001ad0000 	/System/Library/PrivateFrameworks/MediaKit.framework/Versions/A/MediaKit
0x0000000001ad0000 	/System/Library/Frameworks/DiscRecording.framework/Versions/A/DiscRecording
0x0000000001ad0000 	/System/Library/PrivateFrameworks/EFILogin.framework/Versions/A/EFILogin
0x0000000001ad0000 	/System/Library/PrivateFrameworks/ProtectedCloudStorage.framework/Versions/A/ProtectedCloudStorage
0x0000000001ad0000 	/usr/lib/libcurl.4.dylib
0x0000000001ad0000 	/usr/lib/libcrypto.44.dylib
0x0000000001ad0000 	/usr/lib/libssl.46.dylib
0x0000000001ad0000 	/System/Library/Frameworks/LDAP.framework/Versions/A/LDAP
0x0000000001ad0000 	/System/Library/PrivateFrameworks/TrustEvaluationAgent.framework/Versions/A/TrustEvaluationAgent
0x0000000001ad0000 	/usr/lib/libsasl2.2.dylib
0x0000000001ad0000 	/System/Library/PrivateFrameworks/CoreDaemon.framework/Versions/B/CoreDaemon
0x0000000001ad0000 	/System/Library/PrivateFrameworks/AppleSRP.framework/Versions/A/AppleSRP
0x0000000001ad0000 	/System/Library/PrivateFrameworks/ViewBridge.framework/Versions/A/ViewBridge
0x0000000001ad0000 	/System/Library/PrivateFrameworks/login.framework/Versions/A/login
0x0000000001ad0000 	/System/Library/Frameworks/OpenGL.framework/Versions/A/Resources/GLEngine.bundle/GLEngine
0x0000000001ad0000 	/System/Library/Frameworks/OpenGL.framework/Versions/A/Libraries/libGLProgrammability.dylib
0x0000000001ad0000 	/System/Library/Extensions/AppleIntelSKLGraphicsGLDriver.bundle/Contents/MacOS/AppleIntelSKLGraphicsGLDriver
0x0000000001ad0000 	/System/Library/PrivateFrameworks/GPUSupport.framework/Versions/A/Libraries/libGPUSupportMercury.dylib
0x000000012b315000 	/System/Library/Extensions/AMDRadeonX4000GLDriver.bundle/Contents/MacOS/AMDRadeonX4000GLDriver
0x0000000001ad0000 	/System/Library/Extensions/AMDRadeonX4000GLDriver.bundle/Contents/MacOS/ATIRadeonX4000SCLib.dylib
0x0000000001ad0000 	/System/Library/Extensions/AMDShared.bundle/Contents/PlugIns/libSC.dylib
0x0000000001ad0000 	/System/Library/Frameworks/OpenGL.framework/Versions/A/Resources/GLRendererFloat.bundle/GLRendererFloat
0x0000000001ad0000 	/System/Library/Frameworks/OpenCL.framework/Versions/A/Libraries/libcldcpuengine.dylib
0x0000000001ad0000 	/usr/lib/libcrypto.35.dylib
0x000000012b55e000 	/Library/Java/JavaVirtualMachines/jdk1.8.0_101.jdk/Contents/Home/jre/lib/libfontmanager.dylib
0x000000012b5d2000 	/Library/Java/JavaVirtualMachines/jdk1.8.0_101.jdk/Contents/Home/jre/lib/libosxui.dylib
0x000000012bfdc000 	/Users/jimsshom/Library/Caches/JNA/temp/jna111780538790476957.tmp
0x000000012bff2000 	/Applications/VLC.app/Contents/MacOS/lib/libvlccore.9.dylib
0x0000000001ad0000 	/System/Library/PrivateFrameworks/AccessibilityBundles.framework/Versions/A/AccessibilityBundles
0x000000012c3fc000 	/Applications/VLC.app/Contents/MacOS/lib/libvlc.5.dylib
0x0000000001ad0000 	/System/Library/PrivateFrameworks/HDRProcessing.framework/Versions/A/HDRProcessing
0x000000012eb04000 	/Library/Java/JavaVirtualMachines/jdk1.8.0_101.jdk/Contents/Home/jre/lib/libnio.dylib
0x00000001a2115000 	/System/Library/Components/CoreAudio.component/Contents/MacOS/CoreAudio
0x0000000001ad0000 	/System/Library/PrivateFrameworks/AudioSession.framework/Versions/A/AudioSession
0x0000000001ad0000 	/System/Library/PrivateFrameworks/AudioSession.framework/libSessionUtility.dylib

VM Arguments:
jvm_args: -javaagent:/Applications/IntelliJ IDEA CE.app/Contents/lib/idea_rt.jar=55221:/Applications/IntelliJ IDEA CE.app/Contents/bin -Dfile.encoding=UTF-8 
java_command: vlcdemo.MyMediaPlayer
java_class_path (initial): /Library/Java/JavaVirtualMachines/jdk1.8.0_101.jdk/Contents/Home/jre/lib/charsets.jar:/Library/Java/JavaVirtualMachines/jdk1.8.0_101.jdk/Contents/Home/jre/lib/deploy.jar:/Library/Java/JavaVirtualMachines/jdk1.8.0_101.jdk/Contents/Home/jre/lib/ext/cldrdata.jar:/Library/Java/JavaVirtualMachines/jdk1.8.0_101.jdk/Contents/Home/jre/lib/ext/dnsns.jar:/Library/Java/JavaVirtualMachines/jdk1.8.0_101.jdk/Contents/Home/jre/lib/ext/jaccess.jar:/Library/Java/JavaVirtualMachines/jdk1.8.0_101.jdk/Contents/Home/jre/lib/ext/jfxrt.jar:/Library/Java/JavaVirtualMachines/jdk1.8.0_101.jdk/Contents/Home/jre/lib/ext/localedata.jar:/Library/Java/JavaVirtualMachines/jdk1.8.0_101.jdk/Contents/Home/jre/lib/ext/nashorn.jar:/Library/Java/JavaVirtualMachines/jdk1.8.0_101.jdk/Contents/Home/jre/lib/ext/sunec.jar:/Library/Java/JavaVirtualMachines/jdk1.8.0_101.jdk/Contents/Home/jre/lib/ext/sunjce_provider.jar:/Library/Java/JavaVirtualMachines/jdk1.8.0_101.jdk/Contents/Home/jre/lib/ext/sunpkcs11.jar:/Library/Java/JavaVirtualMachines/jdk1.8.0_101.jdk/Contents/Home/jre/lib/ext/zipfs.jar:/Library/Java/JavaVirtualMachines/jdk1.8.0_101.jdk/Contents/Home/jre/lib/javaws.jar:/Library/Java/JavaVirtualMachines/jdk1.8.0_101.jdk/Contents/Home/jre/lib/jce.jar:/Library/Java/JavaVirtualMachines/jdk1.8.0_101.jdk/Contents/Home/jre/lib/jfr.jar:/Library/Java/JavaVirtualMachines/jdk1.8.0_101.jdk/Contents/Home/jre/lib/jfxswt.jar:/Library/Java/JavaVirtualMachines/jdk1.8.0_101.jdk/Contents/Home/jre/lib/jsse.jar:/Library/Java/JavaVirtualMachines/jdk1.8.0_101.jdk/Contents/Home/jre/lib/management-agent.jar:/Library/Java/JavaVirtualMachines/jdk1.8.0_101.jdk/Contents/Home/jre/lib/plugin.jar:/Library/Java/JavaVirtualMachines/jdk1.8.0_101.jdk/Contents/Home/jre/lib/resources.jar:/Library/Java/JavaVirtualMachines/jdk1.8.0_101.jdk/Contents/Home/jre/lib/rt.jar:/Library/Java/JavaVirtualMachines/jdk1.8.0_101.jdk/Contents/Home/lib/ant-javafx.jar:/Library/Java/JavaVirtualMachines/jdk1.8.0_101.jdk/Contents/Home
Launcher Type: SUN_STANDARD

Environment Variables:
PATH=/Users/jimsshom/.nvm/versions/node/v11.6.0/bin:/usr/local/Cellar/python/3.7.3/bin:/usr/local/bin:/usr/bin:/bin:/usr/sbin:/sbin
SHELL=/bin/bash

Signal Handlers:
SIGSEGV: [libjvm.dylib+0x5af145], sa_mask[0]=11111111011111110111111111111111, sa_flags=SA_ONSTACK|SA_RESTART|SA_SIGINFO
SIGBUS: [libjvm.dylib+0x5af145], sa_mask[0]=11111111011111110111111111111111, sa_flags=SA_RESTART|SA_SIGINFO
SIGFPE: [libjvm.dylib+0x48694c], sa_mask[0]=11111111011111110111111111111111, sa_flags=SA_RESTART|SA_SIGINFO
SIGPIPE: [libjvm.dylib+0x48694c], sa_mask[0]=11111111011111110111111111111111, sa_flags=SA_RESTART|SA_SIGINFO
SIGXFSZ: [libjvm.dylib+0x48694c], sa_mask[0]=11111111011111110111111111111111, sa_flags=SA_RESTART|SA_SIGINFO
SIGILL: [libjvm.dylib+0x48694c], sa_mask[0]=11111111011111110111111111111111, sa_flags=SA_RESTART|SA_SIGINFO
SIGUSR1: SIG_DFL, sa_mask[0]=00000000000000000000000000000000, sa_flags=none
SIGUSR2: [libjvm.dylib+0x48646a], sa_mask[0]=00100000000000000000000000000000, sa_flags=SA_RESTART|SA_SIGINFO
SIGHUP: [libjvm.dylib+0x484a41], sa_mask[0]=11111111011111110111111111111111, sa_flags=SA_RESTART|SA_SIGINFO
SIGINT: [libjvm.dylib+0x484a41], sa_mask[0]=11111111011111110111111111111111, sa_flags=SA_RESTART|SA_SIGINFO
SIGTERM: [libjvm.dylib+0x484a41], sa_mask[0]=11111111011111110111111111111111, sa_flags=SA_RESTART|SA_SIGINFO
SIGQUIT: [libjvm.dylib+0x484a41], sa_mask[0]=11111111011111110111111111111111, sa_flags=SA_RESTART|SA_SIGINFO


---------------  S Y S T E M  ---------------

OS:Bsduname:Darwin 19.3.0 Darwin Kernel Version 19.3.0: Thu Jan  9 20:58:23 PST 2020; root:xnu-6153.81.5~1/RELEASE_X86_64 x86_64
rlimit: STACK 8192k, CORE 0k, NPROC 2784, NOFILE 10240, AS infinity
load average:1.65 1.99 1.93

CPU:total 8 (4 cores per cpu, 2 threads per core) family 6 model 94 stepping 3, cmov, cx8, fxsr, mmx, sse, sse2, sse3, ssse3, sse4.1, sse4.2, popcnt, avx, avx2, aes, clmul, erms, rtm, 3dnowpref, lzcnt, ht, tsc, tscinvbit, bmi1, bmi2, adx

Memory: 4k page, physical 16777216k(2906068k free)

/proc/meminfo:


vm_info: Java HotSpot(TM) 64-Bit Server VM (25.101-b13) for bsd-amd64 JRE (1.8.0_101-b13), built on Jun 22 2016 02:42:15 by "java_re" with gcc 4.2.1 (Based on Apple Inc. build 5658) (LLVM build 2336.11.00)

time: Mon Feb 17 17:51:18 2020
elapsed time: 15 seconds (0d 0h 0m 15s)

