#
# A fatal error has been detected by the Java Runtime Environment:
#
#  SIGSEGV (0xb) at pc=0x00007fff64de50ce, pid=51335, tid=0x000000000002950f
#
# JRE version: Java(TM) SE Runtime Environment (8.0_101-b13) (build 1.8.0_101-b13)
# Java VM: Java HotSpot(TM) 64-Bit Server VM (25.101-b13 mixed mode bsd-amd64 compressed oops)
# Problematic frame:
# C  [libsystem_c.dylib+0x610ce]  tfind+0x24
#
# Failed to write core dump. Core dumps have been disabled. To enable core dumping, try "ulimit -c unlimited" before starting Java again
#
# If you would like to submit a bug report, please visit:
#   http://bugreport.java.com/bugreport/crash.jsp
# The crash happened outside the Java Virtual Machine in native code.
# See problematic frame for where to report the bug.
#

---------------  T H R E A D  ---------------

Current thread (0x00007fa81b189800):  JavaThread "Thread-1" [_thread_in_native, id=169231, stack(0x00007000081fc000,0x00007000082fc000)]

siginfo: si_signo: 11 (SIGSEGV), si_code: 0 (unknown), si_addr: 0x0000000000000000

Registers:
RAX=0x9000000000000000, RBX=0x00007fa81a5de2c8, RCX=0x0000000000000000, RDX=0x0000000128e7c550
RSP=0x00007000082faaf0, RBP=0x00007000082fab10, RSI=0x00007fa81a5de2c8, RDI=0x00007000082fab38
R8 =0x0000000000000000, R9 =0x0000000000000000, R10=0x00007000082faba0, R11=0x00000001292248c0
R12=0x00007000082fab38, R13=0x0000000128df5464, R14=0x0000000000000000, R15=0x0000000128e7c550
RIP=0x00007fff64de50ce, EFLAGS=0x0000000000010246, ERR=0x0000000000000000
  TRAPNO=0x000000000000000d

Top of Stack: (sp=0x00007000082faaf0)
0x00007000082faaf0:   00007000082fab38 00007fa81a5de3b0
0x00007000082fab00:   00007fa81a5de2d0 000000012922a788
0x00007000082fab10:   0000000129229e16 0000000128e7d559
0x00007000082fab20:   0000000000000000 0000000000000000
0x00007000082fab30:   0000000129229e16 000000012922a788
0x00007000082fab40:   0000000000000000 0000000000000000
0x00007000082fab50:   cac5f015c44a00d0 00007000082faba0
0x00007000082fab60:   0000000000000000 0000000128df5464
0x00007000082fab70:   0000000000000002 00007fa81a5de3b0
0x00007000082fab80:   0000000129229e16 0000000129224bc5
0x00007000082fab90:   00007000082fad20 0000000128df543d
0x00007000082faba0:   00007fa81a5de3b0 0000000000000000
0x00007000082fabb0:   0000000000000000 0000000000000000
0x00007000082fabc0:   0000000000000000 0000000000000000
0x00007000082fabd0:   0000000000000000 0000000000000000
0x00007000082fabe0:   00007000082fabf0 0000000107e88c63
0x00007000082fabf0:   00007000082fac10 0000000107c2fadc
0x00007000082fac00:   00007fa81a84f568 00000000791d5d85
0x00007000082fac10:   00007000082fac20 cac5f015c44a00d0
0x00007000082fac20:   00007000082faba0 0000000000000000
0x00007000082fac30:   0000000000000002 cac5f015c44a00d0
0x00007000082fac40:   00007000082fac50 0000000128df5e74
0x00007000082fac50:   000000000000000a 00007000082fb770
0x00007000082fac60:   00007000082fad20 0000000128df543d
0x00007000082fac70:   0000026e1b189800 00007fa81a594678
0x00007000082fac80:   00007fa81a594660 00007000082fb770
0x00007000082fac90:   00000001292248c0 00007000082fb6d8
0x00007000082faca0:   00007000082faba0 00007000082fabd0
0x00007000082facb0:   0000000000000001 0000000000000002
0x00007000082facc0:   0000000000000002 00007000082fb610
0x00007000082facd0:   00007000082fac50 00007fa81a55c3c0
0x00007000082face0:   0000000000000001 00007fa81b189800 

Instructions: (pc=0x00007fff64de50ce)
0x00007fff64de50ae:   41 57 41 56 41 54 53 48 85 f6 74 44 48 89 f3 48
0x00007fff64de50be:   8b 06 48 85 c0 74 39 49 89 d7 49 89 fc 45 31 f6
0x00007fff64de50ce:   48 8b 30 4c 89 e7 41 ff d7 85 c0 74 28 48 8b 0b
0x00007fff64de50de:   48 8d 51 08 48 8d 59 10 31 f6 85 c0 40 0f 99 c6 

Register to memory mapping:

RAX=0x9000000000000000 is an unknown value
RBX=0x00007fa81a5de2c8 is an unknown value
RCX=0x0000000000000000 is an unknown value
RDX=0x0000000128e7c550: var_Inherit+0x190 in /Applications/VLC.app/Contents/MacOS/lib/libvlccore.9.dylib at 0x0000000128dfe000
RSP=0x00007000082faaf0 is pointing into the stack for thread: 0x00007fa81b189800
RBP=0x00007000082fab10 is pointing into the stack for thread: 0x00007fa81b189800
RSI=0x00007fa81a5de2c8 is an unknown value
RDI=0x00007000082fab38 is pointing into the stack for thread: 0x00007fa81b189800
R8 =0x0000000000000000 is an unknown value
R9 =0x0000000000000000 is an unknown value
R10=0x00007000082faba0 is pointing into the stack for thread: 0x00007fa81b189800
R11=0x00000001292248c0: libvlc_media_player_set_equalizer+0 in /Applications/VLC.app/Contents/MacOS/lib/libvlc.5.dylib at 0x0000000129217000
R12=0x00007000082fab38 is pointing into the stack for thread: 0x00007fa81b189800
R13=0x0000000128df5464: ffi_call+0x414 in /Users/jimsshom/Library/Caches/JNA/temp/jna7396888600161364753.tmp at 0x0000000128de8000
R14=0x0000000000000000 is an unknown value
R15=0x0000000128e7c550: var_Inherit+0x190 in /Applications/VLC.app/Contents/MacOS/lib/libvlccore.9.dylib at 0x0000000128dfe000


Stack: [0x00007000081fc000,0x00007000082fc000],  sp=0x00007000082faaf0,  free space=1018k
Native frames: (J=compiled Java code, j=interpreted, Vv=VM code, C=native code)
C  [libsystem_c.dylib+0x610ce]  tfind+0x24
C  [libvlccore.9.dylib+0x7f559]  var_SetChecked+0x59

Java frames: (J=compiled Java code, j=interpreted, Vv=VM code)
j  uk.co.caprica.vlcj.binding.LibVlc.libvlc_media_player_set_equalizer(Luk/co/caprica/vlcj/binding/internal/libvlc_media_player_t;Luk/co/caprica/vlcj/binding/internal/libvlc_equalizer_t;)I+0
j  uk.co.caprica.vlcj.player.base.AudioApi.applyEqualizer()V+74
j  uk.co.caprica.vlcj.player.base.AudioApi.setEqualizer(Luk/co/caprica/vlcj/player/base/Equalizer;)V+55
j  uk.co.caprica.vlcj.player.base.AudioApi.release()V+2
j  uk.co.caprica.vlcj.player.base.MediaPlayer.release()V+15
j  uk.co.caprica.vlcj.player.component.CallbackMediaPlayerComponent.release()V+47
j  vlcdemo.MyMediaPlayer$3.run()V+3
v  ~StubRoutines::call_stub

---------------  P R O C E S S  ---------------

Java Threads: ( => current thread )
=>0x00007fa81b189800 JavaThread "Thread-1" [_thread_in_native, id=169231, stack(0x00007000081fc000,0x00007000082fc000)]
  0x00007fa81b352800 JavaThread "AWT-EventQueue-0" [_thread_blocked, id=108547, stack(0x0000700008405000,0x0000700008505000)]
  0x00007fa81bac2000 JavaThread "Attach Listener" daemon [_thread_blocked, id=74759, stack(0x0000700007ff3000,0x00007000080f3000)]
  0x00007fa81b9ca000 JavaThread "Java2D Disposer" daemon [_thread_blocked, id=75275, stack(0x0000700007ef0000,0x0000700007ff0000)]
  0x00007fa81c150000 JavaThread "Java2D Queue Flusher" daemon [_thread_blocked, id=54287, stack(0x0000700007ded000,0x0000700007eed000)]
  0x00007fa81b9cc000 JavaThread "AWT-Shutdown" [_thread_blocked, id=27419, stack(0x00007000079d8000,0x0000700007ad8000)]
  0x00007fa81c082800 JavaThread "AppKit Thread" daemon [_thread_in_native, id=775, stack(0x00007ffee8bee000,0x00007ffee93ee000)]
  0x00007fa81c054000 JavaThread "Service Thread" daemon [_thread_blocked, id=16387, stack(0x00007000077d2000,0x00007000078d2000)]
  0x00007fa81b840800 JavaThread "C1 CompilerThread3" daemon [_thread_blocked, id=16131, stack(0x00007000076cf000,0x00007000077cf000)]
  0x00007fa81b83f800 JavaThread "C2 CompilerThread2" daemon [_thread_blocked, id=15619, stack(0x00007000075cc000,0x00007000076cc000)]
  0x00007fa81b818800 JavaThread "C2 CompilerThread1" daemon [_thread_blocked, id=15363, stack(0x00007000074c9000,0x00007000075c9000)]
  0x00007fa81a85b000 JavaThread "C2 CompilerThread0" daemon [_thread_blocked, id=14851, stack(0x00007000073c6000,0x00007000074c6000)]
  0x00007fa81a856800 JavaThread "Monitor Ctrl-Break" daemon [_thread_in_native, id=17411, stack(0x00007000072c3000,0x00007000073c3000)]
  0x00007fa81a81c000 JavaThread "Signal Dispatcher" daemon [_thread_blocked, id=14083, stack(0x00007000071c0000,0x00007000072c0000)]
  0x00007fa81b817800 JavaThread "Finalizer" daemon [_thread_blocked, id=13315, stack(0x0000700006fb7000,0x00007000070b7000)]
  0x00007fa81c006800 JavaThread "Reference Handler" daemon [_thread_blocked, id=20739, stack(0x0000700006eb4000,0x0000700006fb4000)]
  0x00007fa81d800800 JavaThread "main" [_thread_blocked, id=4611, stack(0x0000700006496000,0x0000700006596000)]

Other Threads:
  0x00007fa81b817000 VMThread [stack: 0x0000700006db1000,0x0000700006eb1000] [id=12803]
  0x00007fa81b81c800 WatcherThread [stack: 0x00007000078d5000,0x00007000079d5000] [id=21763]

VM state:not at safepoint (normal execution)

VM Mutex/Monitor currently owned by a thread: None

Heap:
 PSYoungGen      total 72704K, used 61181K [0x000000076ab00000, 0x000000076ff00000, 0x00000007c0000000)
  eden space 61440K, 99% used [0x000000076ab00000,0x000000076e66b1a0,0x000000076e700000)
  from space 11264K, 2% used [0x000000076e800000,0x000000076e854610,0x000000076f300000)
  to   space 12288K, 0% used [0x000000076f300000,0x000000076f300000,0x000000076ff00000)
 ParOldGen       total 175104K, used 8237K [0x00000006c0000000, 0x00000006cab00000, 0x000000076ab00000)
  object space 175104K, 4% used [0x00000006c0000000,0x00000006c080b588,0x00000006cab00000)
 Metaspace       used 13674K, capacity 13950K, committed 14080K, reserved 1060864K
  class space    used 1677K, capacity 1770K, committed 1792K, reserved 1048576K

Card table byte_map: [0x0000000108d5d000,0x000000010955e000] byte_map_base: 0x000000010575d000

Marking Bits: (ParMarkBitMap*) 0x00000001082edd20
 Begin Bits: [0x0000000109ab4000, 0x000000010dab4000)
 End Bits:   [0x000000010dab4000, 0x0000000111ab4000)

Polling page: 0x0000000106884000

CodeCache: size=245760Kb used=5132Kb max_used=5132Kb free=240627Kb
 bounds [0x0000000115201000, 0x0000000115711000, 0x0000000124201000]
 total_blobs=2138 nmethods=1588 adapters=463
 compilation: enabled

Compilation events (10 events):
Event: 9.914 Thread 0x00007fa81b840800 1589       3       sun.java2d.pipe.BufferedContext::setSurfaces (49 bytes)
Event: 9.915 Thread 0x00007fa81b840800 nmethod 1589 0x00000001156f4f90 code [0x00000001156f5180, 0x00000001156f5f68]
Event: 9.919 Thread 0x00007fa81b840800 1590       3       javax.swing.UIDefaults$TextAndMnemonicHashMap::get (358 bytes)
Event: 9.923 Thread 0x00007fa81b840800 nmethod 1590 0x00000001156f6590 code [0x00000001156f7020, 0x00000001156ff298]
Event: 9.951 Thread 0x00007fa81b840800 1591       3       java.util.Locale::hashCode (41 bytes)
Event: 9.952 Thread 0x00007fa81b840800 nmethod 1591 0x0000000115703c90 code [0x0000000115703e20, 0x0000000115704198]
Event: 9.961 Thread 0x00007fa81b840800 1592       3       java.lang.Math::min (46 bytes)
Event: 9.961 Thread 0x00007fa81b840800 nmethod 1592 0x0000000115704290 code [0x0000000115704400, 0x0000000115704750]
Event: 10.014 Thread 0x00007fa81b840800 1593       3       java.lang.Throwable::<init> (39 bytes)
Event: 10.014 Thread 0x00007fa81b840800 nmethod 1593 0x00000001157047d0 code [0x0000000115704960, 0x0000000115704f28]

GC Heap History (10 events):
Event: 6.366 GC heap before
{Heap before GC invocations=3 (full 0):
 PSYoungGen      total 76288K, used 72193K [0x000000076ab00000, 0x0000000770000000, 0x00000007c0000000)
  eden space 65536K, 97% used [0x000000076ab00000,0x000000076e957080,0x000000076eb00000)
  from space 10752K, 77% used [0x000000076f580000,0x000000076fda95c0,0x0000000770000000)
  to   space 10752K, 0% used [0x000000076eb00000,0x000000076eb00000,0x000000076f580000)
 ParOldGen       total 175104K, used 32K [0x00000006c0000000, 0x00000006cab00000, 0x000000076ab00000)
  object space 175104K, 0% used [0x00000006c0000000,0x00000006c0008000,0x00000006cab00000)
 Metaspace       used 13418K, capacity 13682K, committed 13824K, reserved 1060864K
  class space    used 1676K, capacity 1770K, committed 1792K, reserved 1048576K
Event: 6.371 GC heap after
Heap after GC invocations=3 (full 0):
 PSYoungGen      total 76288K, used 5909K [0x000000076ab00000, 0x0000000770000000, 0x00000007c0000000)
  eden space 65536K, 0% used [0x000000076ab00000,0x000000076ab00000,0x000000076eb00000)
  from space 10752K, 54% used [0x000000076eb00000,0x000000076f0c55b0,0x000000076f580000)
  to   space 10752K, 0% used [0x000000076f580000,0x000000076f580000,0x0000000770000000)
 ParOldGen       total 175104K, used 40K [0x00000006c0000000, 0x00000006cab00000, 0x000000076ab00000)
  object space 175104K, 0% used [0x00000006c0000000,0x00000006c000a000,0x00000006cab00000)
 Metaspace       used 13418K, capacity 13682K, committed 13824K, reserved 1060864K
  class space    used 1676K, capacity 1770K, committed 1792K, reserved 1048576K
}
Event: 7.054 GC heap before
{Heap before GC invocations=4 (full 0):
 PSYoungGen      total 76288K, used 71445K [0x000000076ab00000, 0x0000000770000000, 0x00000007c0000000)
  eden space 65536K, 100% used [0x000000076ab00000,0x000000076eb00000,0x000000076eb00000)
  from space 10752K, 54% used [0x000000076eb00000,0x000000076f0c55b0,0x000000076f580000)
  to   space 10752K, 0% used [0x000000076f580000,0x000000076f580000,0x0000000770000000)
 ParOldGen       total 175104K, used 40K [0x00000006c0000000, 0x00000006cab00000, 0x000000076ab00000)
  object space 175104K, 0% used [0x00000006c0000000,0x00000006c000a000,0x00000006cab00000)
 Metaspace       used 13464K, capacity 13758K, committed 13824K, reserved 1060864K
  class space    used 1676K, capacity 1770K, committed 1792K, reserved 1048576K
Event: 7.057 GC heap after
Heap after GC invocations=4 (full 0):
 PSYoungGen      total 76288K, used 8405K [0x000000076ab00000, 0x0000000770000000, 0x00000007c0000000)
  eden space 65536K, 0% used [0x000000076ab00000,0x000000076ab00000,0x000000076eb00000)
  from space 10752K, 78% used [0x000000076f580000,0x000000076fdb55d0,0x0000000770000000)
  to   space 10752K, 0% used [0x000000076eb00000,0x000000076eb00000,0x000000076f580000)
 ParOldGen       total 175104K, used 48K [0x00000006c0000000, 0x00000006cab00000, 0x000000076ab00000)
  object space 175104K, 0% used [0x00000006c0000000,0x00000006c000c000,0x00000006cab00000)
 Metaspace       used 13464K, capacity 13758K, committed 13824K, reserved 1060864K
  class space    used 1676K, capacity 1770K, committed 1792K, reserved 1048576K
}
Event: 7.724 GC heap before
{Heap before GC invocations=5 (full 0):
 PSYoungGen      total 76288K, used 73941K [0x000000076ab00000, 0x0000000770000000, 0x00000007c0000000)
  eden space 65536K, 100% used [0x000000076ab00000,0x000000076eb00000,0x000000076eb00000)
  from space 10752K, 78% used [0x000000076f580000,0x000000076fdb55d0,0x0000000770000000)
  to   space 10752K, 0% used [0x000000076eb00000,0x000000076eb00000,0x000000076f580000)
 ParOldGen       total 175104K, used 48K [0x00000006c0000000, 0x00000006cab00000, 0x000000076ab00000)
  object space 175104K, 0% used [0x00000006c0000000,0x00000006c000c000,0x00000006cab00000)
 Metaspace       used 13518K, capacity 13822K, committed 14080K, reserved 1060864K
  class space    used 1676K, capacity 1770K, committed 1792K, reserved 1048576K
Event: 7.728 GC heap after
Heap after GC invocations=5 (full 0):
 PSYoungGen      total 69120K, used 4773K [0x000000076ab00000, 0x000000076ff80000, 0x00000007c0000000)
  eden space 64000K, 0% used [0x000000076ab00000,0x000000076ab00000,0x000000076e980000)
  from space 5120K, 93% used [0x000000076eb00000,0x000000076efa95a0,0x000000076f000000)
  to   space 11264K, 0% used [0x000000076f480000,0x000000076f480000,0x000000076ff80000)
 ParOldGen       total 175104K, used 56K [0x00000006c0000000, 0x00000006cab00000, 0x000000076ab00000)
  object space 175104K, 0% used [0x00000006c0000000,0x00000006c000e000,0x00000006cab00000)
 Metaspace       used 13518K, capacity 13822K, committed 14080K, reserved 1060864K
  class space    used 1676K, capacity 1770K, committed 1792K, reserved 1048576K
}
Event: 8.366 GC heap before
{Heap before GC invocations=6 (full 0):
 PSYoungGen      total 69120K, used 66983K [0x000000076ab00000, 0x000000076ff80000, 0x00000007c0000000)
  eden space 64000K, 97% used [0x000000076ab00000,0x000000076e7c0990,0x000000076e980000)
  from space 5120K, 93% used [0x000000076eb00000,0x000000076efa95a0,0x000000076f000000)
  to   space 11264K, 0% used [0x000000076f480000,0x000000076f480000,0x000000076ff80000)
 ParOldGen       total 175104K, used 56K [0x00000006c0000000, 0x00000006cab00000, 0x000000076ab00000)
  object space 175104K, 0% used [0x00000006c0000000,0x00000006c000e000,0x00000006cab00000)
 Metaspace       used 13575K, capacity 13886K, committed 14080K, reserved 1060864K
  class space    used 1676K, capacity 1770K, committed 1792K, reserved 1048576K
Event: 8.370 GC heap after
Heap after GC invocations=6 (full 0):
 PSYoungGen      total 72192K, used 4757K [0x000000076ab00000, 0x000000076fe00000, 0x00000007c0000000)
  eden space 62464K, 0% used [0x000000076ab00000,0x000000076ab00000,0x000000076e800000)
  from space 9728K, 48% used [0x000000076f480000,0x000000076f925590,0x000000076fe00000)
  to   space 11264K, 0% used [0x000000076e800000,0x000000076e800000,0x000000076f300000)
 ParOldGen       total 175104K, used 64K [0x00000006c0000000, 0x00000006cab00000, 0x000000076ab00000)
  object space 175104K, 0% used [0x00000006c0000000,0x00000006c0010000,0x00000006cab00000)
 Metaspace       used 13575K, capacity 13886K, committed 14080K, reserved 1060864K
  class space    used 1676K, capacity 1770K, committed 1792K, reserved 1048576K
}
Event: 9.426 GC heap before
{Heap before GC invocations=7 (full 0):
 PSYoungGen      total 72192K, used 66802K [0x000000076ab00000, 0x000000076fe00000, 0x00000007c0000000)
  eden space 62464K, 99% used [0x000000076ab00000,0x000000076e7975c8,0x000000076e800000)
  from space 9728K, 48% used [0x000000076f480000,0x000000076f925590,0x000000076fe00000)
  to   space 11264K, 0% used [0x000000076e800000,0x000000076e800000,0x000000076f300000)
 ParOldGen       total 175104K, used 64K [0x00000006c0000000, 0x00000006cab00000, 0x000000076ab00000)
  object space 175104K, 0% used [0x00000006c0000000,0x00000006c0010000,0x00000006cab00000)
 Metaspace       used 13616K, capacity 13886K, committed 14080K, reserved 1060864K
  class space    used 1676K, capacity 1770K, committed 1792K, reserved 1048576K
Event: 9.433 GC heap after
Heap after GC invocations=7 (full 0):
 PSYoungGen      total 72704K, used 337K [0x000000076ab00000, 0x000000076ff00000, 0x00000007c0000000)
  eden space 61440K, 0% used [0x000000076ab00000,0x000000076ab00000,0x000000076e700000)
  from space 11264K, 2% used [0x000000076e800000,0x000000076e854610,0x000000076f300000)
  to   space 12288K, 0% used [0x000000076f300000,0x000000076f300000,0x000000076ff00000)
 ParOldGen       total 175104K, used 8237K [0x00000006c0000000, 0x00000006cab00000, 0x000000076ab00000)
  object space 175104K, 4% used [0x00000006c0000000,0x00000006c080b588,0x00000006cab00000)
 Metaspace       used 13616K, capacity 13886K, committed 14080K, reserved 1060864K
  class space    used 1676K, capacity 1770K, committed 1792K, reserved 1048576K
}

Deoptimization events (10 events):
Event: 2.488 Thread 0x00007fa81d800800 Uncommon trap: reason=unstable_if action=reinterpret pc=0x00000001153de388 method=java.lang.String.replace(CC)Ljava/lang/String; @ 26
Event: 2.489 Thread 0x00007fa81d800800 Uncommon trap: reason=unstable_if action=reinterpret pc=0x00000001153e23c0 method=java.util.regex.Matcher.reset()Ljava/util/regex/Matcher; @ 47
Event: 5.077 Thread 0x00007fa81ab8e000 Uncommon trap: reason=unstable_if action=reinterpret pc=0x000000011551d664 method=java.lang.ref.SoftReference.get()Ljava/lang/Object; @ 17
Event: 5.077 Thread 0x00007fa81ab8e000 Uncommon trap: reason=unstable_if action=reinterpret pc=0x000000011555fc9c method=java.lang.ref.SoftReference.get()Ljava/lang/Object; @ 17
Event: 5.079 Thread 0x00007fa81b817800 Uncommon trap: reason=unstable_if action=reinterpret pc=0x000000011550fbbc method=java.lang.ref.ReferenceQueue.poll()Ljava/lang/ref/Reference; @ 4
Event: 5.167 Thread 0x00007fa8200f0000 Uncommon trap: reason=null_check action=make_not_entrant pc=0x00000001155ac7cc method=com.sun.jna.Native.getNativeSize(Ljava/lang/Class;Ljava/lang/Object;)I @ 64
Event: 5.167 Thread 0x00007fa8200f0000 Uncommon trap: reason=unstable_if action=reinterpret pc=0x00000001155a76d0 method=java.lang.ref.SoftReference.get()Ljava/lang/Object; @ 17
Event: 5.439 Thread 0x00007fa8200f0000 Uncommon trap: reason=null_check action=make_not_entrant pc=0x00000001155c7090 method=com.sun.jna.Native.getNativeSize(Ljava/lang/Class;)I @ 4
Event: 5.708 Thread 0x00007fa81c006800 Uncommon trap: reason=unstable_if action=reinterpret pc=0x00000001155b8140 method=java.lang.ref.Reference.tryHandlePending(Z)Z @ 9
Event: 5.968 Thread 0x00007fa8200f0000 Uncommon trap: reason=unstable_if action=reinterpret pc=0x000000011559f010 method=java.lang.ref.SoftReference.get()Ljava/lang/Object; @ 17

Internal exceptions (10 events):
Event: 0.157 Thread 0x00007fa81d800800 Exception <a 'java/security/PrivilegedActionException'> (0x000000076ae7d298) thrown at [/HUDSON3/workspace/8-2-build-macosx-x86_64/jdk8u101/7261/hotspot/src/share/vm/prims/jvm.cpp, line 1386]
Event: 0.157 Thread 0x00007fa81d800800 Exception <a 'java/security/PrivilegedActionException'> (0x000000076ae7d4a8) thrown at [/HUDSON3/workspace/8-2-build-macosx-x86_64/jdk8u101/7261/hotspot/src/share/vm/prims/jvm.cpp, line 1386]
Event: 0.158 Thread 0x00007fa81d800800 Exception <a 'java/security/PrivilegedActionException'> (0x000000076ae807b0) thrown at [/HUDSON3/workspace/8-2-build-macosx-x86_64/jdk8u101/7261/hotspot/src/share/vm/prims/jvm.cpp, line 1386]
Event: 0.158 Thread 0x00007fa81d800800 Exception <a 'java/security/PrivilegedActionException'> (0x000000076ae809c0) thrown at [/HUDSON3/workspace/8-2-build-macosx-x86_64/jdk8u101/7261/hotspot/src/share/vm/prims/jvm.cpp, line 1386]
Event: 0.197 Thread 0x00007fa81d800800 Exception <a 'java/lang/NoSuchFieldError': method resolution failed> (0x000000076b0fb6b0) thrown at [/HUDSON3/workspace/8-2-build-macosx-x86_64/jdk8u101/7261/hotspot/src/share/vm/prims/methodHandles.cpp, line 1146]
Event: 0.199 Thread 0x00007fa81d800800 Exception <a 'java/lang/NoSuchFieldError': method resolution failed> (0x000000076b109928) thrown at [/HUDSON3/workspace/8-2-build-macosx-x86_64/jdk8u101/7261/hotspot/src/share/vm/prims/methodHandles.cpp, line 1146]
Event: 0.535 Thread 0x00007fa81d800800 Exception <a 'java/io/FileNotFoundException'> (0x000000076b1aaae0) thrown at [/HUDSON3/workspace/8-2-build-macosx-x86_64/jdk8u101/7261/hotspot/src/share/vm/prims/jni.cpp, line 709]
Event: 0.536 Thread 0x00007fa81d800800 Exception <a 'java/io/FileNotFoundException'> (0x000000076b1ab660) thrown at [/HUDSON3/workspace/8-2-build-macosx-x86_64/jdk8u101/7261/hotspot/src/share/vm/prims/jni.cpp, line 709]
Event: 5.076 Thread 0x00007fa81b817800 Exception <a 'java/lang/NullPointerException'> (0x000000076ac47d10) thrown at [/HUDSON3/workspace/8-2-build-macosx-x86_64/jdk8u101/7261/hotspot/src/share/vm/interpreter/linkResolver.cpp, line 1178]
Event: 5.708 Thread 0x00007fa81c006800 Implicit null exception at 0x00000001155b7a9f to 0x00000001155b8129

Events (10 events):
Event: 9.994 Thread 0x00007fa81abcb800 Thread exited: 0x00007fa81abcb800
Event: 10.014 loading class vlcdemo/MyMediaPlayer$5$1
Event: 10.014 loading class vlcdemo/MyMediaPlayer$5$1 done
Event: 10.017 Thread 0x00007fa81e0fb800 Thread exited: 0x00007fa81e0fb800
Event: 10.017 Thread 0x00007fa81b3a7000 Thread exited: 0x00007fa81b3a7000
Event: 10.053 Thread 0x00007fa8200f0000 Thread exited: 0x00007fa8200f0000
Event: 10.055 Thread 0x00007fa81b3e5800 Thread added: 0x00007fa81b3e5800
Event: 10.055 Thread 0x00007fa81b3e5800 Thread exited: 0x00007fa81b3e5800
Event: 10.061 Thread 0x00007fa81b189800 Thread added: 0x00007fa81b189800
Event: 10.061 Thread 0x00007fa81b8a0800 Thread added: 0x00007fa81b8a0800


Dynamic libraries:
0x0000000001ad0000 	/System/Library/Frameworks/Cocoa.framework/Versions/A/Cocoa
0x0000000001ad0000 	/System/Library/Frameworks/Security.framework/Versions/A/Security
0x0000000001ad0000 	/System/Library/Frameworks/ApplicationServices.framework/Versions/A/ApplicationServices
0x0000000001ad0000 	/usr/lib/libz.1.dylib
0x0000000001ad0000 	/usr/lib/libSystem.B.dylib
0x0000000001ad0000 	/usr/lib/libobjc.A.dylib
0x0000000001ad0000 	/System/Library/Frameworks/CoreFoundation.framework/Versions/A/CoreFoundation
0x0000000001ad0000 	/System/Library/Frameworks/Foundation.framework/Versions/C/Foundation
0x0000000001ad0000 	/System/Library/Frameworks/AppKit.framework/Versions/C/AppKit
0x0000000001ad0000 	/System/Library/Frameworks/CoreData.framework/Versions/A/CoreData
0x0000000001ad0000 	/System/Library/PrivateFrameworks/UIFoundation.framework/Versions/A/UIFoundation
0x0000000001ad0000 	/System/Library/PrivateFrameworks/RemoteViewServices.framework/Versions/A/RemoteViewServices
0x0000000001ad0000 	/System/Library/PrivateFrameworks/XCTTargetBootstrap.framework/Versions/A/XCTTargetBootstrap
0x0000000001ad0000 	/System/Library/Frameworks/CoreDisplay.framework/Versions/A/CoreDisplay
0x0000000001ad0000 	/System/Library/Frameworks/Metal.framework/Versions/A/Metal
0x0000000001ad0000 	/System/Library/PrivateFrameworks/DesktopServicesPriv.framework/Versions/A/DesktopServicesPriv
0x0000000001ad0000 	/usr/lib/liblangid.dylib
0x0000000001ad0000 	/System/Library/PrivateFrameworks/CoreSVG.framework/Versions/A/CoreSVG
0x0000000001ad0000 	/System/Library/PrivateFrameworks/SkyLight.framework/Versions/A/SkyLight
0x0000000001ad0000 	/System/Library/Frameworks/CoreGraphics.framework/Versions/A/CoreGraphics
0x0000000001ad0000 	/System/Library/Frameworks/Accelerate.framework/Versions/A/Accelerate
0x0000000001ad0000 	/usr/lib/libxml2.2.dylib
0x0000000001ad0000 	/System/Library/PrivateFrameworks/IconServices.framework/Versions/A/IconServices
0x0000000001ad0000 	/System/Library/Frameworks/IOSurface.framework/Versions/A/IOSurface
0x0000000001ad0000 	/usr/lib/libDiagnosticMessagesClient.dylib
0x0000000001ad0000 	/System/Library/PrivateFrameworks/DFRFoundation.framework/Versions/A/DFRFoundation
0x0000000001ad0000 	/usr/lib/libicucore.A.dylib
0x0000000001ad0000 	/System/Library/Frameworks/AudioToolbox.framework/Versions/A/AudioToolbox
0x0000000001ad0000 	/System/Library/Frameworks/AudioUnit.framework/Versions/A/AudioUnit
0x0000000001ad0000 	/usr/lib/libauto.dylib
0x0000000001ad0000 	/System/Library/PrivateFrameworks/DataDetectorsCore.framework/Versions/A/DataDetectorsCore
0x0000000001ad0000 	/System/Library/Frameworks/Carbon.framework/Versions/A/Frameworks/HIToolbox.framework/Versions/A/HIToolbox
0x0000000001ad0000 	/System/Library/Frameworks/QuartzCore.framework/Versions/A/QuartzCore
0x0000000001ad0000 	/System/Library/Frameworks/Carbon.framework/Versions/A/Frameworks/SpeechRecognition.framework/Versions/A/SpeechRecognition
0x0000000001ad0000 	/System/Library/PrivateFrameworks/CoreUI.framework/Versions/A/CoreUI
0x0000000001ad0000 	/System/Library/Frameworks/CoreAudio.framework/Versions/A/CoreAudio
0x0000000001ad0000 	/System/Library/Frameworks/DiskArbitration.framework/Versions/A/DiskArbitration
0x0000000001ad0000 	/System/Library/PrivateFrameworks/MultitouchSupport.framework/Versions/A/MultitouchSupport
0x0000000001ad0000 	/usr/lib/libenergytrace.dylib
0x0000000001ad0000 	/System/Library/Frameworks/IOKit.framework/Versions/A/IOKit
0x0000000001ad0000 	/System/Library/Frameworks/CoreServices.framework/Versions/A/CoreServices
0x0000000001ad0000 	/System/Library/PrivateFrameworks/PerformanceAnalysis.framework/Versions/A/PerformanceAnalysis
0x0000000001ad0000 	/System/Library/Frameworks/OpenGL.framework/Versions/A/OpenGL
0x0000000001ad0000 	/System/Library/Frameworks/ColorSync.framework/Versions/A/ColorSync
0x0000000001ad0000 	/System/Library/Frameworks/CoreImage.framework/Versions/A/CoreImage
0x0000000001ad0000 	/System/Library/Frameworks/CoreText.framework/Versions/A/CoreText
0x0000000001ad0000 	/System/Library/Frameworks/ImageIO.framework/Versions/A/ImageIO
0x0000000001ad0000 	/usr/lib/libc++.1.dylib
0x0000000001ad0000 	/usr/lib/libcompression.dylib
0x0000000001ad0000 	/usr/lib/libMobileGestalt.dylib
0x0000000001ad0000 	/System/Library/PrivateFrameworks/TextureIO.framework/Versions/A/TextureIO
0x0000000001ad0000 	/usr/lib/libate.dylib
0x0000000001ad0000 	/System/Library/PrivateFrameworks/InternationalSupport.framework/Versions/A/InternationalSupport
0x0000000001ad0000 	/usr/lib/system/libcache.dylib
0x0000000001ad0000 	/usr/lib/system/libcommonCrypto.dylib
0x0000000001ad0000 	/usr/lib/system/libcompiler_rt.dylib
0x0000000001ad0000 	/usr/lib/system/libcopyfile.dylib
0x0000000001ad0000 	/usr/lib/system/libcorecrypto.dylib
0x0000000001ad0000 	/usr/lib/system/libdispatch.dylib
0x0000000001ad0000 	/usr/lib/system/libdyld.dylib
0x0000000001ad0000 	/usr/lib/system/libkeymgr.dylib
0x0000000001ad0000 	/usr/lib/system/liblaunch.dylib
0x0000000001ad0000 	/usr/lib/system/libmacho.dylib
0x0000000001ad0000 	/usr/lib/system/libquarantine.dylib
0x0000000001ad0000 	/usr/lib/system/libremovefile.dylib
0x0000000001ad0000 	/usr/lib/system/libsystem_asl.dylib
0x0000000001ad0000 	/usr/lib/system/libsystem_blocks.dylib
0x0000000001ad0000 	/usr/lib/system/libsystem_c.dylib
0x0000000001ad0000 	/usr/lib/system/libsystem_configuration.dylib
0x0000000001ad0000 	/usr/lib/system/libsystem_coreservices.dylib
0x0000000001ad0000 	/usr/lib/system/libsystem_darwin.dylib
0x0000000001ad0000 	/usr/lib/system/libsystem_dnssd.dylib
0x0000000001ad0000 	/usr/lib/system/libsystem_featureflags.dylib
0x0000000001ad0000 	/usr/lib/system/libsystem_info.dylib
0x0000000001ad0000 	/usr/lib/system/libsystem_m.dylib
0x0000000001ad0000 	/usr/lib/system/libsystem_malloc.dylib
0x0000000001ad0000 	/usr/lib/system/libsystem_networkextension.dylib
0x0000000001ad0000 	/usr/lib/system/libsystem_notify.dylib
0x0000000001ad0000 	/usr/lib/system/libsystem_sandbox.dylib
0x0000000001ad0000 	/usr/lib/system/libsystem_secinit.dylib
0x0000000001ad0000 	/usr/lib/system/libsystem_kernel.dylib
0x0000000001ad0000 	/usr/lib/system/libsystem_platform.dylib
0x0000000001ad0000 	/usr/lib/system/libsystem_pthread.dylib
0x0000000001ad0000 	/usr/lib/system/libsystem_symptoms.dylib
0x0000000001ad0000 	/usr/lib/system/libsystem_trace.dylib
0x0000000001ad0000 	/usr/lib/system/libunwind.dylib
0x0000000001ad0000 	/usr/lib/system/libxpc.dylib
0x0000000001ad0000 	/usr/lib/libc++abi.dylib
0x0000000001ad0000 	/usr/lib/liblzma.5.dylib
0x0000000001ad0000 	/usr/lib/libfakelink.dylib
0x0000000001ad0000 	/usr/lib/libarchive.2.dylib
0x0000000001ad0000 	/System/Library/Frameworks/SystemConfiguration.framework/Versions/A/SystemConfiguration
0x0000000001ad0000 	/usr/lib/libCRFSuite.dylib
0x0000000001ad0000 	/System/Library/Frameworks/CFNetwork.framework/Versions/A/CFNetwork
0x0000000001ad0000 	/usr/lib/libbsm.0.dylib
0x0000000001ad0000 	/usr/lib/system/libkxld.dylib
0x0000000001ad0000 	/System/Library/PrivateFrameworks/AppleFSCompression.framework/Versions/A/AppleFSCompression
0x0000000001ad0000 	/usr/lib/libcoretls.dylib
0x0000000001ad0000 	/usr/lib/libcoretls_cfhelpers.dylib
0x0000000001ad0000 	/usr/lib/libpam.2.dylib
0x0000000001ad0000 	/usr/lib/libsqlite3.dylib
0x0000000001ad0000 	/usr/lib/libxar.1.dylib
0x0000000001ad0000 	/usr/lib/libbz2.1.0.dylib
0x0000000001ad0000 	/usr/lib/libiconv.2.dylib
0x0000000001ad0000 	/usr/lib/libcharset.1.dylib
0x0000000001ad0000 	/usr/lib/libnetwork.dylib
0x0000000001ad0000 	/usr/lib/libpcap.A.dylib
0x0000000001ad0000 	/usr/lib/libapple_nghttp2.dylib
0x0000000001ad0000 	/System/Library/Frameworks/CoreServices.framework/Versions/A/Frameworks/FSEvents.framework/Versions/A/FSEvents
0x0000000001ad0000 	/System/Library/Frameworks/CoreServices.framework/Versions/A/Frameworks/CarbonCore.framework/Versions/A/CarbonCore
0x0000000001ad0000 	/System/Library/Frameworks/CoreServices.framework/Versions/A/Frameworks/Metadata.framework/Versions/A/Metadata
0x0000000001ad0000 	/System/Library/Frameworks/CoreServices.framework/Versions/A/Frameworks/OSServices.framework/Versions/A/OSServices
0x0000000001ad0000 	/System/Library/Frameworks/CoreServices.framework/Versions/A/Frameworks/SearchKit.framework/Versions/A/SearchKit
0x0000000001ad0000 	/System/Library/Frameworks/CoreServices.framework/Versions/A/Frameworks/AE.framework/Versions/A/AE
0x0000000001ad0000 	/System/Library/Frameworks/CoreServices.framework/Versions/A/Frameworks/LaunchServices.framework/Versions/A/LaunchServices
0x0000000001ad0000 	/System/Library/Frameworks/CoreServices.framework/Versions/A/Frameworks/DictionaryServices.framework/Versions/A/DictionaryServices
0x0000000001ad0000 	/System/Library/Frameworks/CoreServices.framework/Versions/A/Frameworks/SharedFileList.framework/Versions/A/SharedFileList
0x0000000001ad0000 	/System/Library/Frameworks/NetFS.framework/Versions/A/NetFS
0x0000000001ad0000 	/System/Library/PrivateFrameworks/NetAuth.framework/Versions/A/NetAuth
0x0000000001ad0000 	/System/Library/PrivateFrameworks/login.framework/Versions/A/Frameworks/loginsupport.framework/Versions/A/loginsupport
0x0000000001ad0000 	/System/Library/PrivateFrameworks/TCC.framework/Versions/A/TCC
0x0000000001ad0000 	/System/Library/PrivateFrameworks/CoreNLP.framework/Versions/A/CoreNLP
0x0000000001ad0000 	/System/Library/PrivateFrameworks/MetadataUtilities.framework/Versions/A/MetadataUtilities
0x0000000001ad0000 	/usr/lib/libmecabra.dylib
0x0000000001ad0000 	/usr/lib/libmecab.dylib
0x0000000001ad0000 	/usr/lib/libgermantok.dylib
0x0000000001ad0000 	/usr/lib/libThaiTokenizer.dylib
0x0000000001ad0000 	/usr/lib/libChineseTokenizer.dylib
0x0000000001ad0000 	/System/Library/Frameworks/Accelerate.framework/Versions/A/Frameworks/vImage.framework/Versions/A/vImage
0x0000000001ad0000 	/System/Library/Frameworks/Accelerate.framework/Versions/A/Frameworks/vecLib.framework/Versions/A/vecLib
0x0000000001ad0000 	/System/Library/Frameworks/Accelerate.framework/Versions/A/Frameworks/vecLib.framework/Versions/A/libvMisc.dylib
0x0000000001ad0000 	/System/Library/Frameworks/Accelerate.framework/Versions/A/Frameworks/vecLib.framework/Versions/A/libvDSP.dylib
0x0000000001ad0000 	/System/Library/Frameworks/Accelerate.framework/Versions/A/Frameworks/vecLib.framework/Versions/A/libBLAS.dylib
0x0000000001ad0000 	/System/Library/Frameworks/Accelerate.framework/Versions/A/Frameworks/vecLib.framework/Versions/A/libLAPACK.dylib
0x0000000001ad0000 	/System/Library/Frameworks/Accelerate.framework/Versions/A/Frameworks/vecLib.framework/Versions/A/libLinearAlgebra.dylib
0x0000000001ad0000 	/System/Library/Frameworks/Accelerate.framework/Versions/A/Frameworks/vecLib.framework/Versions/A/libSparseBLAS.dylib
0x0000000001ad0000 	/System/Library/Frameworks/Accelerate.framework/Versions/A/Frameworks/vecLib.framework/Versions/A/libQuadrature.dylib
0x0000000001ad0000 	/System/Library/Frameworks/Accelerate.framework/Versions/A/Frameworks/vecLib.framework/Versions/A/libBNNS.dylib
0x0000000001ad0000 	/System/Library/Frameworks/Accelerate.framework/Versions/A/Frameworks/vecLib.framework/Versions/A/libSparse.dylib
0x0000000001ad0000 	/System/Library/PrivateFrameworks/LanguageModeling.framework/Versions/A/LanguageModeling
0x0000000001ad0000 	/System/Library/PrivateFrameworks/CoreEmoji.framework/Versions/A/CoreEmoji
0x0000000001ad0000 	/System/Library/PrivateFrameworks/LinguisticData.framework/Versions/A/LinguisticData
0x0000000001ad0000 	/System/Library/PrivateFrameworks/Lexicon.framework/Versions/A/Lexicon
0x0000000001ad0000 	/usr/lib/libcmph.dylib
0x0000000001ad0000 	/System/Library/Frameworks/OpenDirectory.framework/Versions/A/Frameworks/CFOpenDirectory.framework/Versions/A/CFOpenDirectory
0x0000000001ad0000 	/System/Library/Frameworks/OpenDirectory.framework/Versions/A/OpenDirectory
0x0000000001ad0000 	/System/Library/PrivateFrameworks/APFS.framework/Versions/A/APFS
0x0000000001ad0000 	/System/Library/Frameworks/SecurityFoundation.framework/Versions/A/SecurityFoundation
0x0000000001ad0000 	/usr/lib/libutil.dylib
0x0000000001ad0000 	/System/Library/PrivateFrameworks/CoreServicesStore.framework/Versions/A/CoreServicesStore
0x0000000001ad0000 	/System/Library/Frameworks/ServiceManagement.framework/Versions/A/ServiceManagement
0x0000000001ad0000 	/System/Library/PrivateFrameworks/BackgroundTaskManagement.framework/Versions/A/BackgroundTaskManagement
0x0000000001ad0000 	/usr/lib/libxslt.1.dylib
0x0000000001ad0000 	/System/Library/PrivateFrameworks/AppleSystemInfo.framework/Versions/A/AppleSystemInfo
0x0000000001ad0000 	/System/Library/Frameworks/ImageIO.framework/Versions/A/Resources/libJPEG.dylib
0x0000000001ad0000 	/System/Library/Frameworks/ImageIO.framework/Versions/A/Resources/libTIFF.dylib
0x0000000001ad0000 	/System/Library/Frameworks/ImageIO.framework/Versions/A/Resources/libPng.dylib
0x0000000001ad0000 	/System/Library/Frameworks/ImageIO.framework/Versions/A/Resources/libGIF.dylib
0x0000000001ad0000 	/System/Library/Frameworks/ImageIO.framework/Versions/A/Resources/libJP2.dylib
0x0000000001ad0000 	/System/Library/Frameworks/ImageIO.framework/Versions/A/Resources/libRadiance.dylib
0x0000000001ad0000 	/usr/lib/libexpat.1.dylib
0x0000000001ad0000 	/System/Library/PrivateFrameworks/AppleJPEG.framework/Versions/A/AppleJPEG
0x0000000001ad0000 	/System/Library/PrivateFrameworks/FontServices.framework/libFontParser.dylib
0x0000000001ad0000 	/System/Library/PrivateFrameworks/WatchdogClient.framework/Versions/A/WatchdogClient
0x0000000001ad0000 	/System/Library/PrivateFrameworks/IOAccelerator.framework/Versions/A/IOAccelerator
0x0000000001ad0000 	/System/Library/Frameworks/MetalPerformanceShaders.framework/Versions/A/MetalPerformanceShaders
0x0000000001ad0000 	/System/Library/PrivateFrameworks/GPUWrangler.framework/Versions/A/GPUWrangler
0x0000000001ad0000 	/System/Library/PrivateFrameworks/IOPresentment.framework/Versions/A/IOPresentment
0x0000000001ad0000 	/System/Library/PrivateFrameworks/DSExternalDisplay.framework/Versions/A/DSExternalDisplay
0x0000000001ad0000 	/System/Library/Frameworks/OpenGL.framework/Versions/A/Libraries/libCoreFSCache.dylib
0x0000000001ad0000 	/System/Library/Frameworks/MetalPerformanceShaders.framework/Frameworks/MPSCore.framework/Versions/A/MPSCore
0x0000000001ad0000 	/System/Library/Frameworks/MetalPerformanceShaders.framework/Frameworks/MPSImage.framework/Versions/A/MPSImage
0x0000000001ad0000 	/System/Library/Frameworks/MetalPerformanceShaders.framework/Frameworks/MPSNeuralNetwork.framework/Versions/A/MPSNeuralNetwork
0x0000000001ad0000 	/System/Library/Frameworks/MetalPerformanceShaders.framework/Frameworks/MPSMatrix.framework/Versions/A/MPSMatrix
0x0000000001ad0000 	/System/Library/Frameworks/MetalPerformanceShaders.framework/Frameworks/MPSRayIntersector.framework/Versions/A/MPSRayIntersector
0x0000000001ad0000 	/System/Library/Frameworks/MetalPerformanceShaders.framework/Frameworks/MPSNDArray.framework/Versions/A/MPSNDArray
0x0000000001ad0000 	/System/Library/PrivateFrameworks/MetalTools.framework/Versions/A/MetalTools
0x0000000001ad0000 	/System/Library/PrivateFrameworks/AggregateDictionary.framework/Versions/A/AggregateDictionary
0x0000000001ad0000 	/System/Library/PrivateFrameworks/CoreAnalytics.framework/Versions/A/CoreAnalytics
0x0000000001ad0000 	/System/Library/PrivateFrameworks/AppleSauce.framework/Versions/A/AppleSauce
0x0000000001ad0000 	/usr/lib/libIOReport.dylib
0x0000000001ad0000 	/System/Library/Frameworks/CoreVideo.framework/Versions/A/CoreVideo
0x0000000001ad0000 	/System/Library/PrivateFrameworks/GraphVisualizer.framework/Versions/A/GraphVisualizer
0x0000000001ad0000 	/System/Library/PrivateFrameworks/FaceCore.framework/Versions/A/FaceCore
0x0000000001ad0000 	/System/Library/Frameworks/OpenCL.framework/Versions/A/OpenCL
0x0000000001ad0000 	/usr/lib/libFosl_dynamic.dylib
0x0000000001ad0000 	/System/Library/PrivateFrameworks/OTSVG.framework/Versions/A/OTSVG
0x0000000001ad0000 	/System/Library/Frameworks/ApplicationServices.framework/Versions/A/Frameworks/ATS.framework/Versions/A/Resources/libFontRegistry.dylib
0x0000000001ad0000 	/System/Library/PrivateFrameworks/FontServices.framework/libhvf.dylib
0x0000000001ad0000 	/System/Library/Frameworks/OpenGL.framework/Versions/A/Libraries/libGFXShared.dylib
0x0000000001ad0000 	/System/Library/Frameworks/OpenGL.framework/Versions/A/Libraries/libGLU.dylib
0x0000000001ad0000 	/System/Library/Frameworks/OpenGL.framework/Versions/A/Libraries/libGL.dylib
0x0000000001ad0000 	/System/Library/Frameworks/OpenGL.framework/Versions/A/Libraries/libGLImage.dylib
0x0000000001ad0000 	/System/Library/Frameworks/OpenGL.framework/Versions/A/Libraries/libCVMSPluginSupport.dylib
0x0000000001ad0000 	/System/Library/Frameworks/OpenGL.framework/Versions/A/Libraries/libCoreVMClient.dylib
0x0000000001ad0000 	/usr/lib/libncurses.5.4.dylib
0x0000000001ad0000 	/System/Library/Frameworks/ApplicationServices.framework/Versions/A/Frameworks/ATS.framework/Versions/A/ATS
0x0000000001ad0000 	/System/Library/Frameworks/ApplicationServices.framework/Versions/A/Frameworks/ColorSyncLegacy.framework/Versions/A/ColorSyncLegacy
0x0000000001ad0000 	/System/Library/Frameworks/ApplicationServices.framework/Versions/A/Frameworks/HIServices.framework/Versions/A/HIServices
0x0000000001ad0000 	/System/Library/Frameworks/ApplicationServices.framework/Versions/A/Frameworks/LangAnalysis.framework/Versions/A/LangAnalysis
0x0000000001ad0000 	/System/Library/Frameworks/ApplicationServices.framework/Versions/A/Frameworks/PrintCore.framework/Versions/A/PrintCore
0x0000000001ad0000 	/System/Library/Frameworks/ApplicationServices.framework/Versions/A/Frameworks/QD.framework/Versions/A/QD
0x0000000001ad0000 	/System/Library/Frameworks/ApplicationServices.framework/Versions/A/Frameworks/SpeechSynthesis.framework/Versions/A/SpeechSynthesis
0x0000000001ad0000 	/System/Library/Frameworks/ApplicationServices.framework/Versions/A/Frameworks/ATSUI.framework/Versions/A/ATSUI
0x0000000001ad0000 	/usr/lib/libcups.2.dylib
0x0000000001ad0000 	/System/Library/Frameworks/Kerberos.framework/Versions/A/Kerberos
0x0000000001ad0000 	/System/Library/Frameworks/GSS.framework/Versions/A/GSS
0x0000000001ad0000 	/usr/lib/libresolv.9.dylib
0x0000000001ad0000 	/System/Library/PrivateFrameworks/Heimdal.framework/Versions/A/Heimdal
0x0000000001ad0000 	/System/Library/Frameworks/Kerberos.framework/Versions/A/Libraries/libHeimdalProxy.dylib
0x0000000001ad0000 	/usr/lib/libheimdal-asn1.dylib
0x0000000001ad0000 	/System/Library/PrivateFrameworks/CommonAuth.framework/Versions/A/CommonAuth
0x0000000001ad0000 	/System/Library/PrivateFrameworks/AssertionServices.framework/Versions/A/AssertionServices
0x0000000001ad0000 	/System/Library/PrivateFrameworks/AudioToolboxCore.framework/Versions/A/AudioToolboxCore
0x0000000001ad0000 	/System/Library/PrivateFrameworks/caulk.framework/Versions/A/caulk
0x0000000001ad0000 	/System/Library/PrivateFrameworks/BaseBoard.framework/Versions/A/BaseBoard
0x0000000001ad0000 	/System/Library/PrivateFrameworks/RunningBoardServices.framework/Versions/A/RunningBoardServices
0x0000000001ad0000 	/System/Library/PrivateFrameworks/PersistentConnection.framework/Versions/A/PersistentConnection
0x0000000001ad0000 	/System/Library/PrivateFrameworks/ProtocolBuffer.framework/Versions/A/ProtocolBuffer
0x0000000001ad0000 	/System/Library/PrivateFrameworks/CommonUtilities.framework/Versions/A/CommonUtilities
0x0000000001ad0000 	/System/Library/PrivateFrameworks/Bom.framework/Versions/A/Bom
0x0000000001ad0000 	/usr/lib/libAudioToolboxUtility.dylib
0x0000000001ad0000 	/System/Library/PrivateFrameworks/Backup.framework/Versions/A/Backup
0x0000000001ad0000 	/System/Library/PrivateFrameworks/CrashReporterSupport.framework/Versions/A/CrashReporterSupport
0x0000000001ad0000 	/System/Library/PrivateFrameworks/Sharing.framework/Versions/A/Sharing
0x0000000001ad0000 	/System/Library/PrivateFrameworks/Apple80211.framework/Versions/A/Apple80211
0x0000000001ad0000 	/System/Library/PrivateFrameworks/AuthKit.framework/Versions/A/AuthKit
0x0000000001ad0000 	/System/Library/PrivateFrameworks/CoreUtils.framework/Versions/A/CoreUtils
0x0000000001ad0000 	/System/Library/Frameworks/CoreWLAN.framework/Versions/A/CoreWLAN
0x0000000001ad0000 	/System/Library/Frameworks/IOBluetooth.framework/Versions/A/IOBluetooth
0x0000000001ad0000 	/System/Library/PrivateFrameworks/MobileKeyBag.framework/Versions/A/MobileKeyBag
0x0000000001ad0000 	/System/Library/PrivateFrameworks/CorePhoneNumbers.framework/Versions/A/CorePhoneNumbers
0x0000000001ad0000 	/System/Library/PrivateFrameworks/AppleIDAuthSupport.framework/Versions/A/AppleIDAuthSupport
0x0000000001ad0000 	/System/Library/Frameworks/Network.framework/Versions/A/Network
0x0000000001ad0000 	/System/Library/PrivateFrameworks/KeychainCircle.framework/Versions/A/KeychainCircle
0x0000000001ad0000 	/System/Library/Frameworks/CoreBluetooth.framework/Versions/A/CoreBluetooth
0x0000000001ad0000 	/System/Library/PrivateFrameworks/SpeechRecognitionCore.framework/Versions/A/SpeechRecognitionCore
0x0000000107a00000 	/Library/Java/JavaVirtualMachines/jdk1.8.0_101.jdk/Contents/Home/jre/lib/server/libjvm.dylib
0x0000000001ad0000 	/usr/lib/libstdc++.6.dylib
0x0000000106841000 	/Library/Java/JavaVirtualMachines/jdk1.8.0_101.jdk/Contents/Home/jre/lib/libverify.dylib
0x000000010684f000 	/Library/Java/JavaVirtualMachines/jdk1.8.0_101.jdk/Contents/Home/jre/lib/libjava.dylib
0x0000000106885000 	/Library/Java/JavaVirtualMachines/jdk1.8.0_101.jdk/Contents/Home/jre/lib/libinstrument.dylib
0x0000000106923000 	/Library/Java/JavaVirtualMachines/jdk1.8.0_101.jdk/Contents/Home/jre/lib/libzip.dylib
0x0000000001ad0000 	/System/Library/Frameworks/JavaVM.framework/Versions/A/Frameworks/JavaRuntimeSupport.framework/Versions/A/JavaRuntimeSupport
0x0000000001ad0000 	/System/Library/Frameworks/JavaVM.framework/Versions/A/Frameworks/JavaNativeFoundation.framework/Versions/A/JavaNativeFoundation
0x0000000001ad0000 	/System/Library/Frameworks/JavaVM.framework/Versions/A/JavaVM
0x0000000001ad0000 	/System/Library/Frameworks/Carbon.framework/Versions/A/Carbon
0x0000000001ad0000 	/System/Library/PrivateFrameworks/CoreSymbolication.framework/Versions/A/CoreSymbolication
0x0000000001ad0000 	/System/Library/PrivateFrameworks/JavaLaunching.framework/Versions/A/JavaLaunching
0x0000000001ad0000 	/System/Library/Frameworks/Carbon.framework/Versions/A/Frameworks/CommonPanels.framework/Versions/A/CommonPanels
0x0000000001ad0000 	/System/Library/Frameworks/Carbon.framework/Versions/A/Frameworks/Help.framework/Versions/A/Help
0x0000000001ad0000 	/System/Library/Frameworks/Carbon.framework/Versions/A/Frameworks/ImageCapture.framework/Versions/A/ImageCapture
0x0000000001ad0000 	/System/Library/Frameworks/Carbon.framework/Versions/A/Frameworks/OpenScripting.framework/Versions/A/OpenScripting
0x0000000001ad0000 	/System/Library/Frameworks/Carbon.framework/Versions/A/Frameworks/Ink.framework/Versions/A/Ink
0x0000000001ad0000 	/System/Library/Frameworks/Carbon.framework/Versions/A/Frameworks/Print.framework/Versions/A/Print
0x0000000001ad0000 	/System/Library/Frameworks/Carbon.framework/Versions/A/Frameworks/SecurityHI.framework/Versions/A/SecurityHI
0x0000000001ad0000 	/System/Library/PrivateFrameworks/DebugSymbols.framework/Versions/A/DebugSymbols
0x0000000114b24000 	/Library/Java/JavaVirtualMachines/jdk1.8.0_101.jdk/Contents/Home/jre/lib/libnet.dylib
0x0000000114ba4000 	/Library/Java/JavaVirtualMachines/jdk1.8.0_101.jdk/Contents/Home/jre/lib/libawt.dylib
0x0000000114c4c000 	/Library/Java/JavaVirtualMachines/jdk1.8.0_101.jdk/Contents/Home/jre/lib/libmlib_image.dylib
0x0000000114d18000 	/Library/Java/JavaVirtualMachines/jdk1.8.0_101.jdk/Contents/Home/jre/lib/libawt_lwawt.dylib
0x0000000114dcd000 	/Library/Java/JavaVirtualMachines/jdk1.8.0_101.jdk/Contents/Home/jre/lib/libosxapp.dylib
0x0000000001ad0000 	/System/Library/Frameworks/ExceptionHandling.framework/Versions/A/ExceptionHandling
0x0000000001ad0000 	/System/Library/PrivateFrameworks/CoreServicesInternal.framework/Versions/A/CoreServicesInternal
0x0000000001ad0000 	/System/Library/Frameworks/FileProvider.framework/Versions/A/FileProvider
0x0000000001ad0000 	/System/Library/Frameworks/Accounts.framework/Versions/A/Accounts
0x0000000001ad0000 	/System/Library/PrivateFrameworks/GenerationalStorage.framework/Versions/A/GenerationalStorage
0x0000000001ad0000 	/System/Library/PrivateFrameworks/SymptomDiagnosticReporter.framework/Versions/A/SymptomDiagnosticReporter
0x0000000001ad0000 	/System/Library/PrivateFrameworks/AppContainer.framework/Versions/A/AppContainer
0x0000000001ad0000 	/usr/lib/libsandbox.1.dylib
0x0000000001ad0000 	/System/Library/PrivateFrameworks/UserManagement.framework/Versions/A/UserManagement
0x0000000001ad0000 	/System/Library/PrivateFrameworks/ChunkingLibrary.framework/Versions/A/ChunkingLibrary
0x0000000001ad0000 	/System/Library/PrivateFrameworks/AppSandbox.framework/Versions/A/AppSandbox
0x0000000001ad0000 	/System/Library/PrivateFrameworks/SecCodeWrapper.framework/Versions/A/SecCodeWrapper
0x0000000001ad0000 	/usr/lib/libMatch.1.dylib
0x0000000001ad0000 	/System/Library/CoreServices/RawCamera.bundle/Contents/MacOS/RawCamera
0x0000000001ad0000 	/System/Library/PrivateFrameworks/MobileAsset.framework/Versions/A/MobileAsset
0x0000000001ad0000 	/System/Library/PrivateFrameworks/StreamingZip.framework/Versions/A/StreamingZip
0x0000000001ad0000 	/System/Library/Frameworks/MediaToolbox.framework/Versions/A/MediaToolbox
0x0000000001ad0000 	/System/Library/PrivateFrameworks/CoreAVCHD.framework/Versions/A/CoreAVCHD
0x0000000001ad0000 	/System/Library/Frameworks/MediaAccessibility.framework/Versions/A/MediaAccessibility
0x0000000001ad0000 	/System/Library/PrivateFrameworks/Mangrove.framework/Versions/A/Mangrove
0x0000000001ad0000 	/System/Library/Frameworks/CoreMedia.framework/Versions/A/CoreMedia
0x0000000001ad0000 	/System/Library/PrivateFrameworks/MediaExperience.framework/Versions/A/MediaExperience
0x0000000001ad0000 	/System/Library/Frameworks/VideoToolbox.framework/Versions/A/VideoToolbox
0x0000000001ad0000 	/System/Library/PrivateFrameworks/CoreAUC.framework/Versions/A/CoreAUC
0x0000000001ad0000 	/usr/lib/libspindump.dylib
0x0000000001ad0000 	/System/Library/PrivateFrameworks/AudioResourceArbitration.framework/Versions/A/AudioResourceArbitration
0x0000000001ad0000 	/System/Library/PrivateFrameworks/AppleVA.framework/Versions/A/AppleVA
0x0000000001ad0000 	/System/Library/Frameworks/Accelerate.framework/Versions/A/Frameworks/vImage.framework/Versions/A/Libraries/libCGInterfaces.dylib
0x0000000114ec6000 	/usr/lib/libobjc-trampolines.dylib
0x0000000001ad0000 	/System/Library/PrivateFrameworks/FontServices.framework/libTrueTypeScaler.dylib
0x0000000001ad0000 	/System/Library/Extensions/AppleIntelSKLGraphicsMTLDriver.bundle/Contents/MacOS/AppleIntelSKLGraphicsMTLDriver
0x0000000001ad0000 	/System/Library/Extensions/AMDMTLBronzeDriver.bundle/Contents/MacOS/AMDMTLBronzeDriver
0x0000000001ad0000 	/System/Library/PrivateFrameworks/IOAccelMemoryInfo.framework/Versions/A/IOAccelMemoryInfo
0x0000000001ad0000 	/System/Library/PrivateFrameworks/GPUCompiler.framework/Versions/3902/Libraries/libmetal_timestamp.dylib
0x0000000001ad0000 	/System/Library/PrivateFrameworks/FamilyControls.framework/Versions/A/FamilyControls
0x0000000001ad0000 	/System/Library/PrivateFrameworks/CommerceKit.framework/Versions/A/Frameworks/CommerceCore.framework/Versions/A/CommerceCore
0x0000000001ad0000 	/System/Library/PrivateFrameworks/SystemAdministration.framework/Versions/A/SystemAdministration
0x0000000001ad0000 	/System/Library/PrivateFrameworks/DiskManagement.framework/Versions/A/DiskManagement
0x0000000001ad0000 	/System/Library/Frameworks/DirectoryService.framework/Versions/A/DirectoryService
0x0000000001ad0000 	/System/Library/PrivateFrameworks/DiskImages.framework/Versions/A/DiskImages
0x0000000001ad0000 	/System/Library/PrivateFrameworks/LoginUIKit.framework/Versions/A/Frameworks/LoginUICore.framework/Versions/A/LoginUICore
0x0000000001ad0000 	/usr/lib/libCoreStorage.dylib
0x0000000001ad0000 	/usr/lib/libcsfde.dylib
0x0000000001ad0000 	/usr/lib/libodfde.dylib
0x0000000001ad0000 	/System/Library/PrivateFrameworks/MediaKit.framework/Versions/A/MediaKit
0x0000000001ad0000 	/System/Library/Frameworks/DiscRecording.framework/Versions/A/DiscRecording
0x0000000001ad0000 	/System/Library/PrivateFrameworks/EFILogin.framework/Versions/A/EFILogin
0x0000000001ad0000 	/System/Library/PrivateFrameworks/ProtectedCloudStorage.framework/Versions/A/ProtectedCloudStorage
0x0000000001ad0000 	/usr/lib/libcurl.4.dylib
0x0000000001ad0000 	/usr/lib/libcrypto.44.dylib
0x0000000001ad0000 	/usr/lib/libssl.46.dylib
0x0000000001ad0000 	/System/Library/Frameworks/LDAP.framework/Versions/A/LDAP
0x0000000001ad0000 	/System/Library/PrivateFrameworks/TrustEvaluationAgent.framework/Versions/A/TrustEvaluationAgent
0x0000000001ad0000 	/usr/lib/libsasl2.2.dylib
0x0000000001ad0000 	/System/Library/PrivateFrameworks/CoreDaemon.framework/Versions/B/CoreDaemon
0x0000000001ad0000 	/System/Library/PrivateFrameworks/AppleSRP.framework/Versions/A/AppleSRP
0x0000000001ad0000 	/System/Library/PrivateFrameworks/ViewBridge.framework/Versions/A/ViewBridge
0x0000000001ad0000 	/System/Library/PrivateFrameworks/login.framework/Versions/A/login
0x0000000001ad0000 	/System/Library/Frameworks/OpenGL.framework/Versions/A/Resources/GLEngine.bundle/GLEngine
0x0000000001ad0000 	/System/Library/Frameworks/OpenGL.framework/Versions/A/Libraries/libGLProgrammability.dylib
0x0000000001ad0000 	/System/Library/Extensions/AppleIntelSKLGraphicsGLDriver.bundle/Contents/MacOS/AppleIntelSKLGraphicsGLDriver
0x0000000001ad0000 	/System/Library/PrivateFrameworks/GPUSupport.framework/Versions/A/Libraries/libGPUSupportMercury.dylib
0x0000000128121000 	/System/Library/Extensions/AMDRadeonX4000GLDriver.bundle/Contents/MacOS/AMDRadeonX4000GLDriver
0x0000000001ad0000 	/System/Library/Extensions/AMDRadeonX4000GLDriver.bundle/Contents/MacOS/ATIRadeonX4000SCLib.dylib
0x0000000001ad0000 	/System/Library/Extensions/AMDShared.bundle/Contents/PlugIns/libSC.dylib
0x0000000001ad0000 	/System/Library/Frameworks/OpenGL.framework/Versions/A/Resources/GLRendererFloat.bundle/GLRendererFloat
0x0000000001ad0000 	/System/Library/Frameworks/OpenCL.framework/Versions/A/Libraries/libcldcpuengine.dylib
0x0000000001ad0000 	/usr/lib/libcrypto.35.dylib
0x000000012836a000 	/Library/Java/JavaVirtualMachines/jdk1.8.0_101.jdk/Contents/Home/jre/lib/libfontmanager.dylib
0x00000001283de000 	/Library/Java/JavaVirtualMachines/jdk1.8.0_101.jdk/Contents/Home/jre/lib/libosxui.dylib
0x0000000128de8000 	/Users/jimsshom/Library/Caches/JNA/temp/jna7396888600161364753.tmp
0x0000000128dfe000 	/Applications/VLC.app/Contents/MacOS/lib/libvlccore.9.dylib
0x0000000001ad0000 	/System/Library/PrivateFrameworks/AccessibilityBundles.framework/Versions/A/AccessibilityBundles
0x0000000129217000 	/Applications/VLC.app/Contents/MacOS/lib/libvlc.5.dylib
0x0000000001ad0000 	/System/Library/PrivateFrameworks/HDRProcessing.framework/Versions/A/HDRProcessing
0x000000012b976000 	/Library/Java/JavaVirtualMachines/jdk1.8.0_101.jdk/Contents/Home/jre/lib/libnio.dylib
0x000000019ec1d000 	/System/Library/Components/CoreAudio.component/Contents/MacOS/CoreAudio
0x0000000001ad0000 	/System/Library/PrivateFrameworks/AudioSession.framework/Versions/A/AudioSession
0x0000000001ad0000 	/System/Library/PrivateFrameworks/AudioSession.framework/libSessionUtility.dylib

VM Arguments:
jvm_args: -javaagent:/Applications/IntelliJ IDEA CE.app/Contents/lib/idea_rt.jar=55232:/Applications/IntelliJ IDEA CE.app/Contents/bin -Dfile.encoding=UTF-8 
java_command: vlcdemo.MyMediaPlayer
java_class_path (initial): /Library/Java/JavaVirtualMachines/jdk1.8.0_101.jdk/Contents/Home/jre/lib/charsets.jar:/Library/Java/JavaVirtualMachines/jdk1.8.0_101.jdk/Contents/Home/jre/lib/deploy.jar:/Library/Java/JavaVirtualMachines/jdk1.8.0_101.jdk/Contents/Home/jre/lib/ext/cldrdata.jar:/Library/Java/JavaVirtualMachines/jdk1.8.0_101.jdk/Contents/Home/jre/lib/ext/dnsns.jar:/Library/Java/JavaVirtualMachines/jdk1.8.0_101.jdk/Contents/Home/jre/lib/ext/jaccess.jar:/Library/Java/JavaVirtualMachines/jdk1.8.0_101.jdk/Contents/Home/jre/lib/ext/jfxrt.jar:/Library/Java/JavaVirtualMachines/jdk1.8.0_101.jdk/Contents/Home/jre/lib/ext/localedata.jar:/Library/Java/JavaVirtualMachines/jdk1.8.0_101.jdk/Contents/Home/jre/lib/ext/nashorn.jar:/Library/Java/JavaVirtualMachines/jdk1.8.0_101.jdk/Contents/Home/jre/lib/ext/sunec.jar:/Library/Java/JavaVirtualMachines/jdk1.8.0_101.jdk/Contents/Home/jre/lib/ext/sunjce_provider.jar:/Library/Java/JavaVirtualMachines/jdk1.8.0_101.jdk/Contents/Home/jre/lib/ext/sunpkcs11.jar:/Library/Java/JavaVirtualMachines/jdk1.8.0_101.jdk/Contents/Home/jre/lib/ext/zipfs.jar:/Library/Java/JavaVirtualMachines/jdk1.8.0_101.jdk/Contents/Home/jre/lib/javaws.jar:/Library/Java/JavaVirtualMachines/jdk1.8.0_101.jdk/Contents/Home/jre/lib/jce.jar:/Library/Java/JavaVirtualMachines/jdk1.8.0_101.jdk/Contents/Home/jre/lib/jfr.jar:/Library/Java/JavaVirtualMachines/jdk1.8.0_101.jdk/Contents/Home/jre/lib/jfxswt.jar:/Library/Java/JavaVirtualMachines/jdk1.8.0_101.jdk/Contents/Home/jre/lib/jsse.jar:/Library/Java/JavaVirtualMachines/jdk1.8.0_101.jdk/Contents/Home/jre/lib/management-agent.jar:/Library/Java/JavaVirtualMachines/jdk1.8.0_101.jdk/Contents/Home/jre/lib/plugin.jar:/Library/Java/JavaVirtualMachines/jdk1.8.0_101.jdk/Contents/Home/jre/lib/resources.jar:/Library/Java/JavaVirtualMachines/jdk1.8.0_101.jdk/Contents/Home/jre/lib/rt.jar:/Library/Java/JavaVirtualMachines/jdk1.8.0_101.jdk/Contents/Home/lib/ant-javafx.jar:/Library/Java/JavaVirtualMachines/jdk1.8.0_101.jdk/Contents/Home
Launcher Type: SUN_STANDARD

Environment Variables:
PATH=/Users/jimsshom/.nvm/versions/node/v11.6.0/bin:/usr/local/Cellar/python/3.7.3/bin:/usr/local/bin:/usr/bin:/bin:/usr/sbin:/sbin
SHELL=/bin/bash

Signal Handlers:
SIGSEGV: [libjvm.dylib+0x5af145], sa_mask[0]=11111111011111110111111111111111, sa_flags=SA_ONSTACK|SA_RESTART|SA_SIGINFO
SIGBUS: [libjvm.dylib+0x5af145], sa_mask[0]=11111111011111110111111111111111, sa_flags=SA_RESTART|SA_SIGINFO
SIGFPE: [libjvm.dylib+0x48694c], sa_mask[0]=11111111011111110111111111111111, sa_flags=SA_RESTART|SA_SIGINFO
SIGPIPE: [libjvm.dylib+0x48694c], sa_mask[0]=11111111011111110111111111111111, sa_flags=SA_RESTART|SA_SIGINFO
SIGXFSZ: [libjvm.dylib+0x48694c], sa_mask[0]=11111111011111110111111111111111, sa_flags=SA_RESTART|SA_SIGINFO
SIGILL: [libjvm.dylib+0x48694c], sa_mask[0]=11111111011111110111111111111111, sa_flags=SA_RESTART|SA_SIGINFO
SIGUSR1: SIG_DFL, sa_mask[0]=00000000000000000000000000000000, sa_flags=none
SIGUSR2: [libjvm.dylib+0x48646a], sa_mask[0]=00100000000000000000000000000000, sa_flags=SA_RESTART|SA_SIGINFO
SIGHUP: [libjvm.dylib+0x484a41], sa_mask[0]=11111111011111110111111111111111, sa_flags=SA_RESTART|SA_SIGINFO
SIGINT: [libjvm.dylib+0x484a41], sa_mask[0]=11111111011111110111111111111111, sa_flags=SA_RESTART|SA_SIGINFO
SIGTERM: [libjvm.dylib+0x484a41], sa_mask[0]=11111111011111110111111111111111, sa_flags=SA_RESTART|SA_SIGINFO
SIGQUIT: [libjvm.dylib+0x484a41], sa_mask[0]=11111111011111110111111111111111, sa_flags=SA_RESTART|SA_SIGINFO


---------------  S Y S T E M  ---------------

OS:Bsduname:Darwin 19.3.0 Darwin Kernel Version 19.3.0: Thu Jan  9 20:58:23 PST 2020; root:xnu-6153.81.5~1/RELEASE_X86_64 x86_64
rlimit: STACK 8192k, CORE 0k, NPROC 2784, NOFILE 10240, AS infinity
load average:1.94 2.04 1.95

CPU:total 8 (4 cores per cpu, 2 threads per core) family 6 model 94 stepping 3, cmov, cx8, fxsr, mmx, sse, sse2, sse3, ssse3, sse4.1, sse4.2, popcnt, avx, avx2, aes, clmul, erms, rtm, 3dnowpref, lzcnt, ht, tsc, tscinvbit, bmi1, bmi2, adx

Memory: 4k page, physical 16777216k(2770624k free)

/proc/meminfo:


vm_info: Java HotSpot(TM) 64-Bit Server VM (25.101-b13) for bsd-amd64 JRE (1.8.0_101-b13), built on Jun 22 2016 02:42:15 by "java_re" with gcc 4.2.1 (Based on Apple Inc. build 5658) (LLVM build 2336.11.00)

time: Mon Feb 17 17:52:05 2020
elapsed time: 10 seconds (0d 0h 0m 10s)

